Log file open, 06/11/20 14:05:39
LogWindows: Failed to load 'aqProf.dll' (GetLastError=126)
LogWindows: File 'aqProf.dll' does not exist
LogWindows: Failed to load 'VtuneApi.dll' (GetLastError=126)
LogWindows: File 'VtuneApi.dll' does not exist
LogWindows: Failed to load 'VtuneApi32e.dll' (GetLastError=126)
LogWindows: File 'VtuneApi32e.dll' does not exist
LogConsoleResponse: Display: Failed to find resolution value strings in scalability ini. Falling back to default.
LogInit: Display: Running engine for game: DualCombatColor_FPS
LogPlatformFile: Not using cached read wrapper
LogTaskGraph: Started task graph with 5 named threads and 11 total threads with 3 sets of task threads.
LogStats: Stats thread started at 1.849603
LogD3D11RHI: Loaded GFSDK_Aftermath_Lib.x64.dll
LogICUInternationalization: ICU TimeZone Detection - Raw Offset: -3:00, Platform Override: ''
LogPluginManager: Mounting plugin Paper2D
LogPluginManager: Mounting plugin AISupport
LogPluginManager: Mounting plugin LightPropagationVolume
LogPluginManager: Mounting plugin ActorLayerUtilities
LogPluginManager: Mounting plugin AnimationSharing
LogPluginManager: Mounting plugin CLionSourceCodeAccess
LogPluginManager: Mounting plugin CodeLiteSourceCodeAccess
LogPluginManager: Mounting plugin GitSourceControl
LogPluginManager: Mounting plugin KDevelopSourceCodeAccess
LogPluginManager: Mounting plugin NullSourceCodeAccess
LogPluginManager: Mounting plugin PerforceSourceControl
LogPluginManager: Mounting plugin PlasticSourceControl
LogPluginManager: Mounting plugin SubversionSourceControl
LogPluginManager: Mounting plugin UObjectPlugin
LogPluginManager: Mounting plugin VisualStudioCodeSourceCodeAccess
LogPluginManager: Mounting plugin VisualStudioSourceCodeAccess
LogPluginManager: Mounting plugin XCodeSourceCodeAccess
LogPluginManager: Mounting plugin AssetManagerEditor
LogPluginManager: Mounting plugin CryptoKeys
LogPluginManager: Mounting plugin CurveEditorTools
LogPluginManager: Mounting plugin DataValidation
LogPluginManager: Mounting plugin FacialAnimation
LogPluginManager: Mounting plugin GameplayTagsEditor
LogPluginManager: Mounting plugin MacGraphicsSwitching
LogPluginManager: Mounting plugin MaterialAnalyzer
LogPluginManager: Mounting plugin MobileLauncherProfileWizard
LogPluginManager: Mounting plugin PluginBrowser
LogPluginManager: Mounting plugin SpeedTreeImporter
LogPluginManager: Mounting plugin DatasmithContent
LogPluginManager: Mounting plugin VariantManagerContent
LogPluginManager: Mounting plugin AlembicImporter
LogPluginManager: Mounting plugin AutomationUtils
LogPluginManager: Mounting plugin BackChannel
LogPluginManager: Mounting plugin CharacterAI
LogPluginManager: Mounting plugin GeometryCache
LogPluginManager: Mounting plugin PlatformCrypto
LogPluginManager: Mounting plugin ProxyLODPlugin
LogPluginManager: Mounting plugin SkeletalReduction
LogPluginManager: Mounting plugin MagicLeap
LogPluginManager: Mounting plugin MagicLeapMedia
LogPluginManager: Mounting plugin MLSDK
LogPluginManager: Mounting plugin AndroidMedia
LogPluginManager: Mounting plugin AvfMedia
LogPluginManager: Mounting plugin ImgMedia
LogPluginManager: Mounting plugin MediaCompositing
LogPluginManager: Mounting plugin MediaPlayerEditor
LogPluginManager: Mounting plugin WebMMedia
LogPluginManager: Mounting plugin WmfMedia
LogPluginManager: Mounting plugin TcpMessaging
LogPluginManager: Mounting plugin UdpMessaging
LogPluginManager: Mounting plugin ActorSequence
LogPluginManager: Mounting plugin LevelSequenceEditor
LogPluginManager: Mounting plugin MatineeToLevelSequence
LogPluginManager: Mounting plugin NetcodeUnitTest
LogPluginManager: Mounting plugin NUTUnrealEngine4
LogPluginManager: Mounting plugin OnlineSubsystemGooglePlay
LogPluginManager: Mounting plugin OnlineSubsystemIOS
LogPluginManager: Mounting plugin OnlineSubsystem
LogPluginManager: Mounting plugin OnlineSubsystemNull
LogPluginManager: Mounting plugin OnlineSubsystemUtils
LogPluginManager: Mounting plugin LauncherChunkInstaller
LogPluginManager: Mounting plugin AndroidDeviceProfileSelector
LogPluginManager: Mounting plugin AndroidMoviePlayer
LogPluginManager: Mounting plugin AndroidPermission
LogPluginManager: Mounting plugin AppleImageUtils
LogPluginManager: Mounting plugin AppleMoviePlayer
LogPluginManager: Mounting plugin ArchVisCharacter
LogPluginManager: Mounting plugin AssetTags
LogPluginManager: Mounting plugin AudioCapture
LogPluginManager: Mounting plugin CableComponent
LogPluginManager: Mounting plugin CustomMeshComponent
LogPluginManager: Mounting plugin EditableMesh
LogPluginManager: Mounting plugin ExampleDeviceProfileSelector
LogPluginManager: Mounting plugin GoogleCloudMessaging
LogPluginManager: Mounting plugin IOSDeviceProfileSelector
LogPluginManager: Mounting plugin LinuxDeviceProfileSelector
LogPluginManager: Mounting plugin LocationServicesBPLibrary
LogPluginManager: Mounting plugin MobilePatchingUtils
LogPluginManager: Mounting plugin OculusVR
LogPluginManager: Mounting plugin PhysXVehicles
LogPluginManager: Mounting plugin PostSplashScreen
LogPluginManager: Mounting plugin ProceduralMeshComponent
LogPluginManager: Mounting plugin RuntimePhysXCooking
LogPluginManager: Mounting plugin SignificanceManager
LogPluginManager: Mounting plugin SteamVR
LogPluginManager: Mounting plugin WebMMoviePlayer
LogPluginManager: Mounting plugin WindowsMoviePlayer
LogPluginManager: Mounting plugin ScreenshotTools
LogInit: Using libcurl 7.55.1-DEV
LogInit:  - built for x86_64-pc-win32
LogInit:  - supports SSL with OpenSSL/1.1.1
LogInit:  - supports HTTP deflate (compression) using libz 1.2.8
LogInit:  - other features:
LogInit:      CURL_VERSION_SSL
LogInit:      CURL_VERSION_LIBZ
LogInit:      CURL_VERSION_IPV6
LogInit:      CURL_VERSION_ASYNCHDNS
LogInit:      CURL_VERSION_LARGEFILE
LogInit:      CURL_VERSION_IDN
LogInit:  CurlRequestOptions (configurable via config and command line):
LogInit:  - bVerifyPeer = true  - Libcurl will verify peer certificate
LogInit:  - bUseHttpProxy = false  - Libcurl will NOT use HTTP proxy
LogInit:  - bDontReuseConnections = false  - Libcurl will reuse connections
LogInit:  - MaxHostConnections = 16  - Libcurl will limit the number of connections to a host
LogInit:  - LocalHostAddr = Default
LogInit:  - BufferSize = 65536
LogOnline: OSS: Creating online subsystem instance for: NULL
LogInit: WinSock: version 1.1 (2.2), MaxSocks=32767, MaxUdp=65467
LogOnline: OSS: TryLoadSubsystemAndSetDefault: Loaded subsystem for module [NULL]
LogInit: Build: ++UE4+Release-4.24-CL-11590370
LogInit: Engine Version: 4.24.3-11590370+++UE4+Release-4.24
LogInit: Compatible Engine Version: 4.24.0-10570792+++UE4+Release-4.24
LogInit: Net CL: 10570792
LogInit: OS: Windows 10 (Release 1903) (), CPU: AMD A8-5600K APU with Radeon(tm) HD Graphics   , GPU: AMD Radeon HD 5450
LogInit: Compiled (64-bit): Feb 24 2020 15:39:18
LogInit: Compiled with Visual C++: 19.16.27032.01
LogInit: Build Configuration: Development
LogInit: Branch Name: ++UE4+Release-4.24
LogInit: Command Line:  -skipcompile
LogInit: Base Directory: C:/Program Files/Epic Games/UE_4.24/Engine/Binaries/Win64/
LogInit: Installed Engine Build: 1
LogDevObjectVersion: Number of dev versions registered: 25
LogDevObjectVersion:   Dev-Blueprints (B0D832E4-1F89-4F0D-ACCF-7EB736FD4AA2): 10
LogDevObjectVersion:   Dev-Build (E1C64328-A22C-4D53-A36C-8E866417BD8C): 0
LogDevObjectVersion:   Dev-Core (375EC13C-06E4-48FB-B500-84F0262A717E): 3
LogDevObjectVersion:   Dev-Editor (E4B068ED-F494-42E9-A231-DA0B2E46BB41): 37
LogDevObjectVersion:   Dev-Framework (CFFC743F-43B0-4480-9391-14DF171D2073): 36
LogDevObjectVersion:   Dev-Mobile (B02B49B5-BB20-44E9-A304-32B752E40360): 2
LogDevObjectVersion:   Dev-Networking (A4E4105C-59A1-49B5-A7C5-40C4547EDFEE): 0
LogDevObjectVersion:   Dev-Online (39C831C9-5AE6-47DC-9A44-9C173E1C8E7C): 0
LogDevObjectVersion:   Dev-Physics (78F01B33-EBEA-4F98-B9B4-84EACCB95AA2): 2
LogDevObjectVersion:   Dev-Platform (6631380F-2D4D-43E0-8009-CF276956A95A): 0
LogDevObjectVersion:   Dev-Rendering (12F88B9F-8875-4AFC-A67C-D90C383ABD29): 36
LogDevObjectVersion:   Dev-Sequencer (7B5AE74C-D270-4C10-A958-57980B212A5A): 11
LogDevObjectVersion:   Dev-VR (D7296918-1DD6-4BDD-9DE2-64A83CC13884): 2
LogDevObjectVersion:   Dev-LoadTimes (C2A15278-BFE7-4AFE-6C17-90FF531DF755): 1
LogDevObjectVersion:   Private-Geometry (6EACA3D4-40EC-4CC1-B786-8BED09428FC5): 3
LogDevObjectVersion:   Dev-AnimPhys (29E575DD-E0A3-4627-9D10-D276232CDCEA): 17
LogDevObjectVersion:   Dev-Anim (AF43A65D-7FD3-4947-9873-3E8ED9C1BB05): 2
LogDevObjectVersion:   Dev-ReflectionCapture (6B266CEC-1EC7-4B8F-A30B-E4D90942FC07): 1
LogDevObjectVersion:   Dev-Automation (0DF73D61-A23F-47EA-B727-89E90C41499A): 1
LogDevObjectVersion:   FortniteMain (601D1886-AC64-4F84-AA16-D3DE0DEAC7D6): 31
LogDevObjectVersion:   Dev-Enterprise (9DFFBCD6-494F-0158-E221-12823C92A888): 8
LogDevObjectVersion:   Dev-Niagara (F2AED0AC-9AFE-416F-8664-AA7FFA26D6FC): 1
LogDevObjectVersion:   Dev-Destruction (174F1F0B-B4C6-45A5-B13F-2EE8D0FB917D): 9
LogDevObjectVersion:   Dev-Physics-Ext (35F94A83-E258-406C-A318-09F59610247C): 8
LogDevObjectVersion:   Dev-CineCamera (B2E18506-4273-CFC2-A54E-F4BB758BBA07): 1
LogInit: Presizing for max 25165824 objects, including 0 objects not considered by GC, pre-allocating 0 bytes for permanent pool.
LogInit: Object subsystem initialized
LogConfig: Setting CVar [[con.DebugEarlyDefault:1]]
LogConfig: Setting CVar [[r.setres:1280x720]]
[2020.06.11-17.05.52:524][  0]LogConfig: Setting CVar [[r.VSync:0]]
[2020.06.11-17.05.52:524][  0]LogConfig: Setting CVar [[r.RHICmdBypass:0]]
[2020.06.11-17.05.52:524][  0]LogConfig: Applying CVar settings from Section [/Script/Engine.RendererSettings] File [C:/Users/Theo/Desktop/TSDVJ-UnrealGame/DualCombatColor_FPS/Saved/Config/Windows/Engine.ini]
[2020.06.11-17.05.52:524][  0]LogConfig: Setting CVar [[r.GPUCrashDebugging:0]]
[2020.06.11-17.05.52:524][  0]LogConfig: Setting CVar [[r.MobileHDR:1]]
[2020.06.11-17.05.52:524][  0]LogConfig: Setting CVar [[r.Mobile.DisableVertexFog:1]]
[2020.06.11-17.05.52:524][  0]LogConfig: Setting CVar [[r.Shadow.CSM.MaxMobileCascades:2]]
[2020.06.11-17.05.52:524][  0]LogConfig: Setting CVar [[r.MobileMSAA:1]]
[2020.06.11-17.05.52:524][  0]LogConfig: Setting CVar [[r.Mobile.UseLegacyShadingModel:0]]
[2020.06.11-17.05.52:524][  0]LogConfig: Setting CVar [[r.Mobile.UseHWsRGBEncoding:0]]
[2020.06.11-17.05.52:524][  0]LogConfig: Setting CVar [[r.Mobile.AllowDitheredLODTransition:0]]
[2020.06.11-17.05.52:524][  0]LogConfig: Setting CVar [[r.Mobile.AllowSoftwareOcclusion:0]]
[2020.06.11-17.05.52:524][  0]LogConfig: Setting CVar [[r.DiscardUnusedQuality:0]]
[2020.06.11-17.05.52:524][  0]LogConfig: Setting CVar [[r.AllowOcclusionQueries:1]]
[2020.06.11-17.05.52:524][  0]LogConfig: Setting CVar [[r.MinScreenRadiusForLights:0.030000]]
[2020.06.11-17.05.52:524][  0]LogConfig: Setting CVar [[r.MinScreenRadiusForDepthPrepass:0.030000]]
[2020.06.11-17.05.52:524][  0]LogConfig: Setting CVar [[r.MinScreenRadiusForCSMDepth:0.010000]]
[2020.06.11-17.05.52:524][  0]LogConfig: Setting CVar [[r.PrecomputedVisibilityWarning:0]]
[2020.06.11-17.05.52:524][  0]LogConfig: Setting CVar [[r.TextureStreaming:1]]
[2020.06.11-17.05.52:524][  0]LogConfig: Setting CVar [[Compat.UseDXT5NormalMaps:0]]
[2020.06.11-17.05.52:524][  0]LogConfig: Setting CVar [[r.VirtualTextures:0]]
[2020.06.11-17.05.52:524][  0]LogConfig: Setting CVar [[r.VirtualTexturedLightmaps:0]]
[2020.06.11-17.05.52:524][  0]LogConfig: Setting CVar [[r.VT.TileSize:128]]
[2020.06.11-17.05.52:524][  0]LogConfig: Setting CVar [[r.VT.TileBorderSize:4]]
[2020.06.11-17.05.52:524][  0]LogConfig: Setting CVar [[r.vt.FeedbackFactor:16]]
[2020.06.11-17.05.52:525][  0]LogConfig: Setting CVar [[r.VT.EnableCompressZlib:1]]
[2020.06.11-17.05.52:525][  0]LogConfig: Setting CVar [[r.VT.EnableCompressCrunch:0]]
[2020.06.11-17.05.52:525][  0]LogConfig: Setting CVar [[r.ClearCoatNormal:0]]
[2020.06.11-17.05.52:525][  0]LogConfig: Setting CVar [[r.ReflectionCaptureResolution:128]]
[2020.06.11-17.05.52:525][  0]LogConfig: Setting CVar [[r.ReflectionEnvironmentLightmapMixBasedOnRoughness:1]]
[2020.06.11-17.05.52:525][  0]LogConfig: Setting CVar [[r.ForwardShading:0]]
[2020.06.11-17.05.52:525][  0]LogConfig: Setting CVar [[r.VertexFoggingForOpaque:1]]
[2020.06.11-17.05.52:525][  0]LogConfig: Setting CVar [[r.AllowStaticLighting:1]]
[2020.06.11-17.05.52:525][  0]LogConfig: Setting CVar [[r.NormalMapsForStaticLighting:0]]
[2020.06.11-17.05.52:525][  0]LogConfig: Setting CVar [[r.GenerateMeshDistanceFields:0]]
[2020.06.11-17.05.52:525][  0]LogConfig: Setting CVar [[r.DistanceFieldBuild.EightBit:0]]
[2020.06.11-17.05.52:525][  0]LogConfig: Setting CVar [[r.GenerateLandscapeGIData:0]]
[2020.06.11-17.05.52:525][  0]LogConfig: Setting CVar [[r.DistanceFieldBuild.Compress:0]]
[2020.06.11-17.05.52:525][  0]LogConfig: Setting CVar [[r.TessellationAdaptivePixelsPerTriangle:48.000000]]
[2020.06.11-17.05.52:525][  0]LogConfig: Setting CVar [[r.SeparateTranslucency:1]]
[2020.06.11-17.05.52:525][  0]LogConfig: Setting CVar [[r.TranslucentSortPolicy:0]]
[2020.06.11-17.05.52:525][  0]LogConfig: Setting CVar [[r.CustomDepth:1]]
[2020.06.11-17.05.52:525][  0]LogConfig: Setting CVar [[r.CustomDepthTemporalAAJitter:1]]
[2020.06.11-17.05.52:525][  0]LogConfig: Setting CVar [[r.PostProcessing.PropagateAlpha:0]]
[2020.06.11-17.05.52:525][  0]LogConfig: Setting CVar [[r.DefaultFeature.Bloom:1]]
[2020.06.11-17.05.52:525][  0]LogConfig: Setting CVar [[r.DefaultFeature.AmbientOcclusion:1]]
[2020.06.11-17.05.52:525][  0]LogConfig: Setting CVar [[r.DefaultFeature.AmbientOcclusionStaticFraction:1]]
[2020.06.11-17.05.52:525][  0]LogConfig: Setting CVar [[r.DefaultFeature.AutoExposure:0]]
[2020.06.11-17.05.52:525][  0]LogConfig: Setting CVar [[r.DefaultFeature.AutoExposure.Method:0]]
[2020.06.11-17.05.52:525][  0]LogConfig: Setting CVar [[r.DefaultFeature.AutoExposure.ExtendDefaultLuminanceRange:0]]
[2020.06.11-17.05.52:525][  0]LogConfig: Setting CVar [[r.UsePreExposure:1]]
[2020.06.11-17.05.52:525][  0]LogConfig: Setting CVar [[r.EyeAdaptation.EditorOnly:1]]
[2020.06.11-17.05.52:526][  0]LogConfig: Setting CVar [[r.DefaultFeature.MotionBlur:0]]
[2020.06.11-17.05.52:526][  0]LogConfig: Setting CVar [[r.DefaultFeature.LensFlare:0]]
[2020.06.11-17.05.52:526][  0]LogConfig: Setting CVar [[r.TemporalAA.Upsampling:0]]
[2020.06.11-17.05.52:526][  0]LogConfig: Setting CVar [[r.SSGI.Enable:0]]
[2020.06.11-17.05.52:526][  0]LogConfig: Setting CVar [[r.DefaultFeature.AntiAliasing:0]]
[2020.06.11-17.05.52:526][  0]LogConfig: Setting CVar [[r.DefaultFeature.LightUnits:1]]
[2020.06.11-17.05.52:526][  0]LogConfig: Setting CVar [[r.DefaultBackBufferPixelFormat:4]]
[2020.06.11-17.05.52:526][  0]LogConfig: Setting CVar [[r.Shadow.UnbuiltPreviewInGame:1]]
[2020.06.11-17.05.52:526][  0]LogConfig: Setting CVar [[r.StencilForLODDither:0]]
[2020.06.11-17.05.52:526][  0]LogConfig: Setting CVar [[r.EarlyZPass:3]]
[2020.06.11-17.05.52:526][  0]LogConfig: Setting CVar [[r.EarlyZPassOnlyMaterialMasking:0]]
[2020.06.11-17.05.52:526][  0]LogConfig: Setting CVar [[r.DBuffer:1]]
[2020.06.11-17.05.52:526][  0]LogConfig: Setting CVar [[r.ClearSceneMethod:1]]
[2020.06.11-17.05.52:526][  0]LogConfig: Setting CVar [[r.BasePassOutputsVelocity:0]]
[2020.06.11-17.05.52:526][  0]LogConfig: Setting CVar [[r.SelectiveBasePassOutputs:0]]
[2020.06.11-17.05.52:526][  0]LogConfig: Setting CVar [[fx.GPUSimulationTextureSizeX:1024]]
[2020.06.11-17.05.52:526][  0]LogConfig: Setting CVar [[fx.GPUSimulationTextureSizeY:1024]]
[2020.06.11-17.05.52:526][  0]LogConfig: Setting CVar [[r.AllowGlobalClipPlane:0]]
[2020.06.11-17.05.52:526][  0]LogConfig: Setting CVar [[r.GBufferFormat:1]]
[2020.06.11-17.05.52:526][  0]LogConfig: Setting CVar [[r.MorphTarget.Mode:1]]
[2020.06.11-17.05.52:526][  0]LogConfig: Setting CVar [[vr.InstancedStereo:0]]
[2020.06.11-17.05.52:526][  0]LogConfig: Setting CVar [[vr.MultiView:0]]
[2020.06.11-17.05.52:526][  0]LogConfig: Setting CVar [[vr.MobileMultiView:0]]
[2020.06.11-17.05.52:527][  0]LogConfig: Setting CVar [[vr.MobileMultiView.Direct:0]]
[2020.06.11-17.05.52:527][  0]LogConfig: Setting CVar [[vr.RoundRobinOcclusion:0]]
[2020.06.11-17.05.52:527][  0]LogConfig: Setting CVar [[vr.ODSCapture:0]]
[2020.06.11-17.05.52:527][  0]LogConfig: Setting CVar [[r.WireframeCullThreshold:5.000000]]
[2020.06.11-17.05.52:527][  0]LogConfig: Setting CVar [[r.RayTracing:0]]
[2020.06.11-17.05.52:527][  0]LogConfig: Setting CVar [[r.RayTracing.UseTextureLod:0]]
[2020.06.11-17.05.52:527][  0]LogConfig: Setting CVar [[r.SupportStationarySkylight:1]]
[2020.06.11-17.05.52:527][  0]LogConfig: Setting CVar [[r.SupportLowQualityLightmaps:1]]
[2020.06.11-17.05.52:527][  0]LogConfig: Setting CVar [[r.SupportPointLightWholeSceneShadows:1]]
[2020.06.11-17.05.52:527][  0]LogConfig: Setting CVar [[r.SupportAtmosphericFog:1]]
[2020.06.11-17.05.52:527][  0]LogConfig: Setting CVar [[r.SupportSkyAtmosphere:1]]
[2020.06.11-17.05.52:527][  0]LogConfig: Setting CVar [[r.SupportSkyAtmosphereAffectsHeightFog:0]]
[2020.06.11-17.05.52:527][  0]LogConfig: Setting CVar [[r.SkinCache.CompileShaders:0]]
[2020.06.11-17.05.52:527][  0]LogConfig: Setting CVar [[r.Mobile.EnableStaticAndCSMShadowReceivers:1]]
[2020.06.11-17.05.52:527][  0]LogConfig: Setting CVar [[r.Mobile.EnableMovableLightCSMShaderCulling:1]]
[2020.06.11-17.05.52:527][  0]LogConfig: Setting CVar [[r.Mobile.AllowDistanceFieldShadows:1]]
[2020.06.11-17.05.52:527][  0]LogConfig: Setting CVar [[r.Mobile.AllowMovableDirectionalLights:1]]
[2020.06.11-17.05.52:527][  0]LogConfig: Setting CVar [[r.MobileNumDynamicPointLights:4]]
[2020.06.11-17.05.52:527][  0]LogConfig: Setting CVar [[r.MobileDynamicPointLightsUseStaticBranch:1]]
[2020.06.11-17.05.52:527][  0]LogConfig: Setting CVar [[r.Mobile.EnableMovableSpotlights:0]]
[2020.06.11-17.05.52:527][  0]LogConfig: Setting CVar [[r.SkinCache.SceneMemoryLimitInMB:128.000000]]
[2020.06.11-17.05.52:527][  0]LogConfig: Setting CVar [[r.GPUSkin.Limit2BoneInfluences:0]]
[2020.06.11-17.05.52:527][  0]LogConfig: Setting CVar [[r.SupportDepthOnlyIndexBuffers:1]]
[2020.06.11-17.05.52:527][  0]LogConfig: Setting CVar [[r.SupportReversedIndexBuffers:1]]
[2020.06.11-17.05.52:527][  0]LogConfig: Setting CVar [[r.SupportMaterialLayers:0]]
[2020.06.11-17.05.52:528][  0]LogConfig: Setting CVar [[r.LightPropagationVolume:0]]
[2020.06.11-17.05.52:528][  0]LogConfig: Applying CVar settings from Section [/Script/Engine.RendererOverrideSettings] File [C:/Users/Theo/Desktop/TSDVJ-UnrealGame/DualCombatColor_FPS/Saved/Config/Windows/Engine.ini]
[2020.06.11-17.05.52:528][  0]LogConfig: Applying CVar settings from Section [/Script/Engine.StreamingSettings] File [C:/Users/Theo/Desktop/TSDVJ-UnrealGame/DualCombatColor_FPS/Saved/Config/Windows/Engine.ini]
[2020.06.11-17.05.52:528][  0]LogConfig: Setting CVar [[s.MinBulkDataSizeForAsyncLoading:131072]]
[2020.06.11-17.05.52:528][  0]LogConfig: Setting CVar [[s.AsyncLoadingThreadEnabled:0]]
[2020.06.11-17.05.52:528][  0]LogConfig: Setting CVar [[s.EventDrivenLoaderEnabled:1]]
[2020.06.11-17.05.52:528][  0]LogConfig: Setting CVar [[s.WarnIfTimeLimitExceeded:0]]
[2020.06.11-17.05.52:528][  0]LogConfig: Setting CVar [[s.TimeLimitExceededMultiplier:1.5]]
[2020.06.11-17.05.52:528][  0]LogConfig: Setting CVar [[s.TimeLimitExceededMinTime:0.005]]
[2020.06.11-17.05.52:528][  0]LogConfig: Setting CVar [[s.UseBackgroundLevelStreaming:1]]
[2020.06.11-17.05.52:528][  0]LogConfig: Setting CVar [[s.PriorityAsyncLoadingExtraTime:15.0]]
[2020.06.11-17.05.52:528][  0]LogConfig: Setting CVar [[s.LevelStreamingActorsUpdateTimeLimit:5.0]]
[2020.06.11-17.05.52:528][  0]LogConfig: Setting CVar [[s.PriorityLevelStreamingActorsUpdateExtraTime:5.0]]
[2020.06.11-17.05.52:528][  0]LogConfig: Setting CVar [[s.LevelStreamingComponentsRegistrationGranularity:10]]
[2020.06.11-17.05.52:528][  0]LogConfig: Setting CVar [[s.UnregisterComponentsTimeLimit:1.0]]
[2020.06.11-17.05.52:528][  0]LogConfig: Setting CVar [[s.LevelStreamingComponentsUnregistrationGranularity:5]]
[2020.06.11-17.05.52:528][  0]LogConfig: Setting CVar [[s.FlushStreamingOnExit:1]]
[2020.06.11-17.05.52:528][  0]LogConfig: Applying CVar settings from Section [/Script/Engine.GarbageCollectionSettings] File [C:/Users/Theo/Desktop/TSDVJ-UnrealGame/DualCombatColor_FPS/Saved/Config/Windows/Engine.ini]
[2020.06.11-17.05.52:528][  0]LogConfig: Setting CVar [[gc.MaxObjectsNotConsideredByGC:1]]
[2020.06.11-17.05.52:528][  0]LogConfig: Setting CVar [[gc.SizeOfPermanentObjectPool:0]]
[2020.06.11-17.05.52:528][  0]LogConfig: Setting CVar [[gc.FlushStreamingOnGC:0]]
[2020.06.11-17.05.52:528][  0]LogConfig: Setting CVar [[gc.NumRetriesBeforeForcingGC:10]]
[2020.06.11-17.05.52:528][  0]LogConfig: Setting CVar [[gc.AllowParallelGC:1]]
[2020.06.11-17.05.52:528][  0]LogConfig: Setting CVar [[gc.TimeBetweenPurgingPendingKillObjects:61.1]]
[2020.06.11-17.05.52:529][  0]LogConfig: Setting CVar [[gc.MaxObjectsInEditor:25165824]]
[2020.06.11-17.05.52:529][  0]LogConfig: Setting CVar [[gc.IncrementalBeginDestroyEnabled:1]]
[2020.06.11-17.05.52:529][  0]LogConfig: Setting CVar [[gc.CreateGCClusters:1]]
[2020.06.11-17.05.52:529][  0]LogConfig: Setting CVar [[gc.MinGCClusterSize:5]]
[2020.06.11-17.05.52:529][  0]LogConfig: Setting CVar [[gc.ActorClusteringEnabled:0]]
[2020.06.11-17.05.52:529][  0]LogConfig: Setting CVar [[gc.BlueprintClusteringEnabled:0]]
[2020.06.11-17.05.52:529][  0]LogConfig: Setting CVar [[gc.UseDisregardForGCOnDedicatedServers:0]]
[2020.06.11-17.05.52:529][  0]LogConfig: Applying CVar settings from Section [/Script/Engine.NetworkSettings] File [C:/Users/Theo/Desktop/TSDVJ-UnrealGame/DualCombatColor_FPS/Saved/Config/Windows/Engine.ini]
[2020.06.11-17.05.52:529][  0]LogConfig: Applying CVar settings from Section [/Script/UnrealEd.CookerSettings] File [C:/Users/Theo/Desktop/TSDVJ-UnrealGame/DualCombatColor_FPS/Saved/Config/Windows/Engine.ini]
[2020.06.11-17.05.52:532][  0]LogConfig: Applying CVar settings from Section [ViewDistanceQuality@3] File [C:/Users/Theo/Desktop/TSDVJ-UnrealGame/DualCombatColor_FPS/Saved/Config/Windows/Scalability.ini]
[2020.06.11-17.05.52:532][  0]LogConfig: Setting CVar [[r.SkeletalMeshLODBias:0]]
[2020.06.11-17.05.52:532][  0]LogConfig: Setting CVar [[r.ViewDistanceScale:1.0]]
[2020.06.11-17.05.52:532][  0]LogConfig: Applying CVar settings from Section [AntiAliasingQuality@3] File [C:/Users/Theo/Desktop/TSDVJ-UnrealGame/DualCombatColor_FPS/Saved/Config/Windows/Scalability.ini]
[2020.06.11-17.05.52:532][  0]LogConfig: Setting CVar [[r.PostProcessAAQuality:4]]
[2020.06.11-17.05.52:533][  0]LogConfig: Applying CVar settings from Section [ShadowQuality@3] File [C:/Users/Theo/Desktop/TSDVJ-UnrealGame/DualCombatColor_FPS/Saved/Config/Windows/Scalability.ini]
[2020.06.11-17.05.52:533][  0]LogConfig: Setting CVar [[r.LightFunctionQuality:1]]
[2020.06.11-17.05.52:533][  0]LogConfig: Setting CVar [[r.ShadowQuality:5]]
[2020.06.11-17.05.52:533][  0]LogConfig: Setting CVar [[r.Shadow.CSM.MaxCascades:10]]
[2020.06.11-17.05.52:533][  0]LogConfig: Setting CVar [[r.Shadow.MaxResolution:2048]]
[2020.06.11-17.05.52:533][  0]LogConfig: Setting CVar [[r.Shadow.MaxCSMResolution:2048]]
[2020.06.11-17.05.52:533][  0]LogConfig: Setting CVar [[r.Shadow.RadiusThreshold:0.01]]
[2020.06.11-17.05.52:533][  0]LogConfig: Setting CVar [[r.Shadow.DistanceScale:1.0]]
[2020.06.11-17.05.52:533][  0]LogConfig: Setting CVar [[r.Shadow.CSM.TransitionScale:1.0]]
[2020.06.11-17.05.52:533][  0]LogConfig: Setting CVar [[r.Shadow.PreShadowResolutionFactor:1.0]]
[2020.06.11-17.05.52:533][  0]LogConfig: Setting CVar [[r.DistanceFieldShadowing:1]]
[2020.06.11-17.05.52:533][  0]LogConfig: Setting CVar [[r.DistanceFieldAO:1]]
[2020.06.11-17.05.52:533][  0]LogConfig: Setting CVar [[r.AOQuality:2]]
[2020.06.11-17.05.52:533][  0]LogConfig: Setting CVar [[r.VolumetricFog:1]]
[2020.06.11-17.05.52:533][  0]LogConfig: Setting CVar [[r.VolumetricFog.GridPixelSize:8]]
[2020.06.11-17.05.52:533][  0]LogConfig: Setting CVar [[r.VolumetricFog.GridSizeZ:128]]
[2020.06.11-17.05.52:533][  0]LogConfig: Setting CVar [[r.VolumetricFog.HistoryMissSupersampleCount:4]]
[2020.06.11-17.05.52:533][  0]LogConfig: Setting CVar [[r.LightMaxDrawDistanceScale:1]]
[2020.06.11-17.05.52:533][  0]LogConfig: Setting CVar [[r.CapsuleShadows:1]]
[2020.06.11-17.05.52:533][  0]LogConfig: Applying CVar settings from Section [PostProcessQuality@3] File [C:/Users/Theo/Desktop/TSDVJ-UnrealGame/DualCombatColor_FPS/Saved/Config/Windows/Scalability.ini]
[2020.06.11-17.05.52:533][  0]LogConfig: Setting CVar [[r.MotionBlurQuality:4]]
[2020.06.11-17.05.52:533][  0]LogConfig: Setting CVar [[r.AmbientOcclusionMipLevelFactor:0.4]]
[2020.06.11-17.05.52:533][  0]LogConfig: Setting CVar [[r.AmbientOcclusionMaxQuality:100]]
[2020.06.11-17.05.52:533][  0]LogConfig: Setting CVar [[r.AmbientOcclusionLevels:-1]]
[2020.06.11-17.05.52:533][  0]LogConfig: Setting CVar [[r.AmbientOcclusionRadiusScale:1.0]]
[2020.06.11-17.05.52:533][  0]LogConfig: Setting CVar [[r.DepthOfFieldQuality:2]]
[2020.06.11-17.05.52:533][  0]LogConfig: Setting CVar [[r.RenderTargetPoolMin:400]]
[2020.06.11-17.05.52:533][  0]LogConfig: Setting CVar [[r.LensFlareQuality:2]]
[2020.06.11-17.05.52:533][  0]LogConfig: Setting CVar [[r.SceneColorFringeQuality:1]]
[2020.06.11-17.05.52:533][  0]LogConfig: Setting CVar [[r.EyeAdaptationQuality:2]]
[2020.06.11-17.05.52:534][  0]LogConfig: Setting CVar [[r.BloomQuality:5]]
[2020.06.11-17.05.52:534][  0]LogConfig: Setting CVar [[r.FastBlurThreshold:100]]
[2020.06.11-17.05.52:534][  0]LogConfig: Setting CVar [[r.Upscale.Quality:3]]
[2020.06.11-17.05.52:534][  0]LogConfig: Setting CVar [[r.Tonemapper.GrainQuantization:1]]
[2020.06.11-17.05.52:534][  0]LogConfig: Setting CVar [[r.LightShaftQuality:1]]
[2020.06.11-17.05.52:534][  0]LogConfig: Setting CVar [[r.Filter.SizeScale:1]]
[2020.06.11-17.05.52:534][  0]LogConfig: Setting CVar [[r.Tonemapper.Quality:5]]
[2020.06.11-17.05.52:534][  0]LogConfig: Setting CVar [[r.DOF.Gather.AccumulatorQuality:1        ; higher gathering accumulator quality]]
[2020.06.11-17.05.52:534][  0]LogConfig: Setting CVar [[r.DOF.Gather.PostfilterMethod:1          ; Median3x3 postfilering method]]
[2020.06.11-17.05.52:534][  0]LogConfig: Setting CVar [[r.DOF.Gather.EnableBokehSettings:0       ; no bokeh simulation when gathering]]
[2020.06.11-17.05.52:534][  0]LogConfig: Setting CVar [[r.DOF.Gather.RingCount:4                 ; medium number of samples when gathering]]
[2020.06.11-17.05.52:534][  0]LogConfig: Setting CVar [[r.DOF.Scatter.ForegroundCompositing:1    ; additive foreground scattering]]
[2020.06.11-17.05.52:534][  0]LogConfig: Setting CVar [[r.DOF.Scatter.BackgroundCompositing:2    ; additive background scattering]]
[2020.06.11-17.05.52:534][  0]LogConfig: Setting CVar [[r.DOF.Scatter.EnableBokehSettings:1      ; bokeh simulation when scattering]]
[2020.06.11-17.05.52:534][  0]LogConfig: Setting CVar [[r.DOF.Scatter.MaxSpriteRatio:0.1         ; only a maximum of 10% of scattered bokeh]]
[2020.06.11-17.05.52:534][  0]LogConfig: Setting CVar [[r.DOF.Recombine.Quality:1                ; cheap slight out of focus]]
[2020.06.11-17.05.52:534][  0]LogConfig: Setting CVar [[r.DOF.Recombine.EnableBokehSettings:0    ; no bokeh simulation on slight out of focus]]
[2020.06.11-17.05.52:534][  0]LogConfig: Setting CVar [[r.DOF.TemporalAAQuality:1                ; more stable temporal accumulation]]
[2020.06.11-17.05.52:534][  0]LogConfig: Setting CVar [[r.DOF.Kernel.MaxForegroundRadius:0.025]]
[2020.06.11-17.05.52:534][  0]LogConfig: Setting CVar [[r.DOF.Kernel.MaxBackgroundRadius:0.025]]
[2020.06.11-17.05.52:534][  0]LogConfig: Applying CVar settings from Section [TextureQuality@3] File [C:/Users/Theo/Desktop/TSDVJ-UnrealGame/DualCombatColor_FPS/Saved/Config/Windows/Scalability.ini]
[2020.06.11-17.05.52:534][  0]LogConfig: Setting CVar [[r.Streaming.MipBias:0]]
[2020.06.11-17.05.52:534][  0]LogConfig: Setting CVar [[r.Streaming.AmortizeCPUToGPUCopy:0]]
[2020.06.11-17.05.52:534][  0]LogConfig: Setting CVar [[r.Streaming.MaxNumTexturesToStreamPerFrame:0]]
[2020.06.11-17.05.52:534][  0]LogConfig: Setting CVar [[r.Streaming.Boost:1]]
[2020.06.11-17.05.52:534][  0]LogConfig: Setting CVar [[r.MaxAnisotropy:8]]
[2020.06.11-17.05.52:534][  0]LogConfig: Setting CVar [[r.VT.MaxAnisotropy:8]]
[2020.06.11-17.05.52:534][  0]LogConfig: Setting CVar [[r.Streaming.LimitPoolSizeToVRAM:0]]
[2020.06.11-17.05.52:534][  0]LogConfig: Setting CVar [[r.Streaming.PoolSize:1000]]
[2020.06.11-17.05.52:534][  0]LogConfig: Setting CVar [[r.Streaming.MaxEffectiveScreenSize:0]]
[2020.06.11-17.05.52:535][  0]LogConfig: Applying CVar settings from Section [EffectsQuality@3] File [C:/Users/Theo/Desktop/TSDVJ-UnrealGame/DualCombatColor_FPS/Saved/Config/Windows/Scalability.ini]
[2020.06.11-17.05.52:535][  0]LogConfig: Setting CVar [[r.TranslucencyLightingVolumeDim:64]]
[2020.06.11-17.05.52:535][  0]LogConfig: Setting CVar [[r.RefractionQuality:2]]
[2020.06.11-17.05.52:535][  0]LogConfig: Setting CVar [[r.SSR.Quality:3]]
[2020.06.11-17.05.52:535][  0]LogConfig: Setting CVar [[r.SSR.HalfResSceneColor:0]]
[2020.06.11-17.05.52:535][  0]LogConfig: Setting CVar [[r.SceneColorFormat:4]]
[2020.06.11-17.05.52:535][  0]LogConfig: Setting CVar [[r.DetailMode:2]]
[2020.06.11-17.05.52:535][  0]LogConfig: Setting CVar [[r.TranslucencyVolumeBlur:1]]
[2020.06.11-17.05.52:535][  0]LogConfig: Setting CVar [[r.MaterialQualityLevel:1 ; High quality]]
[2020.06.11-17.05.52:535][  0]LogConfig: Setting CVar [[r.SSS.Scale:1]]
[2020.06.11-17.05.52:535][  0]LogConfig: Setting CVar [[r.SSS.SampleSet:2]]
[2020.06.11-17.05.52:535][  0]LogConfig: Setting CVar [[r.SSS.Quality:1]]
[2020.06.11-17.05.52:535][  0]LogConfig: Setting CVar [[r.SSS.HalfRes:1]]
[2020.06.11-17.05.52:535][  0]LogConfig: Setting CVar [[r.SSGI.Quality:3]]
[2020.06.11-17.05.52:535][  0]LogConfig: Setting CVar [[r.EmitterSpawnRateScale:1.0]]
[2020.06.11-17.05.52:535][  0]LogConfig: Setting CVar [[r.ParticleLightQuality:2]]
[2020.06.11-17.05.52:535][  0]LogConfig: Setting CVar [[r.SkyAtmosphere.AerialPerspectiveLUT.FastApplyOnOpaque:1 ; Always have FastSkyLUT 1 in this case to avoid wrong sky]]
[2020.06.11-17.05.52:535][  0]LogConfig: Setting CVar [[r.SkyAtmosphere.AerialPerspectiveLUT.SampleCountPerSlice:1]]
[2020.06.11-17.05.52:535][  0]LogConfig: Setting CVar [[r.SkyAtmosphere.AerialPerspectiveLUT.DepthResolution:16.0]]
[2020.06.11-17.05.52:535][  0]LogConfig: Setting CVar [[r.SkyAtmosphere.FastSkyLUT:1]]
[2020.06.11-17.05.52:535][  0]LogConfig: Setting CVar [[r.SkyAtmosphere.FastSkyLUT.SampleCountMin:4.0]]
[2020.06.11-17.05.52:535][  0]LogConfig: Setting CVar [[r.SkyAtmosphere.FastSkyLUT.SampleCountMax:32.0]]
[2020.06.11-17.05.52:535][  0]LogConfig: Setting CVar [[r.SkyAtmosphere.SampleCountMin:4.0]]
[2020.06.11-17.05.52:535][  0]LogConfig: Setting CVar [[r.SkyAtmosphere.SampleCountMax:32.0]]
[2020.06.11-17.05.52:535][  0]LogConfig: Setting CVar [[r.SkyAtmosphere.TransmittanceLUT.UseSmallFormat:0]]
[2020.06.11-17.05.52:535][  0]LogConfig: Setting CVar [[r.SkyAtmosphere.TransmittanceLUT.SampleCount:10.0]]
[2020.06.11-17.05.52:535][  0]LogConfig: Setting CVar [[r.SkyAtmosphere.MultiScatteringLUT.SampleCount:15.0]]
[2020.06.11-17.05.52:535][  0]LogConfig: Applying CVar settings from Section [FoliageQuality@3] File [C:/Users/Theo/Desktop/TSDVJ-UnrealGame/DualCombatColor_FPS/Saved/Config/Windows/Scalability.ini]
[2020.06.11-17.05.52:535][  0]LogConfig: Setting CVar [[foliage.DensityScale:1.0]]
[2020.06.11-17.05.52:535][  0]LogConfig: Setting CVar [[grass.DensityScale:1.0]]
[2020.06.11-17.05.52:536][  0]LogConfig: Applying CVar settings from Section [ShadingQuality@3] File [C:/Users/Theo/Desktop/TSDVJ-UnrealGame/DualCombatColor_FPS/Saved/Config/Windows/Scalability.ini]
[2020.06.11-17.05.52:536][  0]LogConfig: Setting CVar [[r.HairStrands.SkyLighting.SampleCount:16]]
[2020.06.11-17.05.52:536][  0]LogConfig: Setting CVar [[r.HairStrands.SkyLighting.JitterIntegration:0]]
[2020.06.11-17.05.52:536][  0]LogConfig: Setting CVar [[r.HairStrands.SkyAO.SampleCount:16]]
[2020.06.11-17.05.52:536][  0]LogInit: Selected Device Profile: [Windows]
[2020.06.11-17.05.52:536][  0]LogInit: Applying CVar settings loaded from the selected device profile: [Windows]
[2020.06.11-17.05.52:590][  0]LogHAL: Display: Platform has ~ 8 GB [8541040640 / 8589934592 / 8], which maps to Default [LargestMinGB=32, LargerMinGB=12, DefaultMinGB=8, SmallerMinGB=6, SmallestMinGB=0)
[2020.06.11-17.05.52:590][  0]LogInit: Going up to parent DeviceProfile []
[2020.06.11-17.05.52:591][  0]LogConfig: Applying CVar settings from Section [ViewDistanceQuality@3] File [C:/Users/Theo/Desktop/TSDVJ-UnrealGame/DualCombatColor_FPS/Saved/Config/Windows/Scalability.ini]
[2020.06.11-17.05.52:591][  0]LogConfig: Setting CVar [[r.SkeletalMeshLODBias:0]]
[2020.06.11-17.05.52:591][  0]LogConfig: Setting CVar [[r.ViewDistanceScale:1.0]]
[2020.06.11-17.05.52:591][  0]LogConfig: Applying CVar settings from Section [AntiAliasingQuality@0] File [C:/Users/Theo/Desktop/TSDVJ-UnrealGame/DualCombatColor_FPS/Saved/Config/Windows/Scalability.ini]
[2020.06.11-17.05.52:591][  0]LogConfig: Setting CVar [[r.PostProcessAAQuality:0]]
[2020.06.11-17.05.52:591][  0]LogConfig: Applying CVar settings from Section [ShadowQuality@0] File [C:/Users/Theo/Desktop/TSDVJ-UnrealGame/DualCombatColor_FPS/Saved/Config/Windows/Scalability.ini]
[2020.06.11-17.05.52:591][  0]LogConfig: Setting CVar [[r.LightFunctionQuality:0]]
[2020.06.11-17.05.52:591][  0]LogConfig: Setting CVar [[r.ShadowQuality:0]]
[2020.06.11-17.05.52:591][  0]LogConfig: Setting CVar [[r.Shadow.CSM.MaxCascades:1]]
[2020.06.11-17.05.52:591][  0]LogConfig: Setting CVar [[r.Shadow.MaxResolution:512]]
[2020.06.11-17.05.52:591][  0]LogConfig: Setting CVar [[r.Shadow.MaxCSMResolution:512]]
[2020.06.11-17.05.52:591][  0]LogConfig: Setting CVar [[r.Shadow.RadiusThreshold:0.06]]
[2020.06.11-17.05.52:591][  0]LogConfig: Setting CVar [[r.Shadow.DistanceScale:0.6]]
[2020.06.11-17.05.52:591][  0]LogConfig: Setting CVar [[r.Shadow.CSM.TransitionScale:0]]
[2020.06.11-17.05.52:591][  0]LogConfig: Setting CVar [[r.Shadow.PreShadowResolutionFactor:0.5]]
[2020.06.11-17.05.52:591][  0]LogConfig: Setting CVar [[r.DistanceFieldShadowing:0]]
[2020.06.11-17.05.52:591][  0]LogConfig: Setting CVar [[r.DistanceFieldAO:0]]
[2020.06.11-17.05.52:591][  0]LogConfig: Setting CVar [[r.VolumetricFog:0]]
[2020.06.11-17.05.52:591][  0]LogConfig: Setting CVar [[r.LightMaxDrawDistanceScale:0]]
[2020.06.11-17.05.52:591][  0]LogConfig: Setting CVar [[r.CapsuleShadows:0]]
[2020.06.11-17.05.52:591][  0]LogConfig: Applying CVar settings from Section [PostProcessQuality@0] File [C:/Users/Theo/Desktop/TSDVJ-UnrealGame/DualCombatColor_FPS/Saved/Config/Windows/Scalability.ini]
[2020.06.11-17.05.52:591][  0]LogConfig: Setting CVar [[r.MotionBlurQuality:0]]
[2020.06.11-17.05.52:591][  0]LogConfig: Setting CVar [[r.AmbientOcclusionMipLevelFactor:1.0]]
[2020.06.11-17.05.52:591][  0]LogConfig: Setting CVar [[r.AmbientOcclusionMaxQuality:0]]
[2020.06.11-17.05.52:591][  0]LogConfig: Setting CVar [[r.AmbientOcclusionLevels:0]]
[2020.06.11-17.05.52:591][  0]LogConfig: Setting CVar [[r.AmbientOcclusionRadiusScale:1.2]]
[2020.06.11-17.05.52:591][  0]LogConfig: Setting CVar [[r.DepthOfFieldQuality:0]]
[2020.06.11-17.05.52:591][  0]LogConfig: Setting CVar [[r.RenderTargetPoolMin:300]]
[2020.06.11-17.05.52:591][  0]LogConfig: Setting CVar [[r.LensFlareQuality:0]]
[2020.06.11-17.05.52:591][  0]LogConfig: Setting CVar [[r.SceneColorFringeQuality:0]]
[2020.06.11-17.05.52:591][  0]LogConfig: Setting CVar [[r.EyeAdaptationQuality:0]]
[2020.06.11-17.05.52:591][  0]LogConfig: Setting CVar [[r.BloomQuality:4]]
[2020.06.11-17.05.52:592][  0]LogConfig: Setting CVar [[r.FastBlurThreshold:0]]
[2020.06.11-17.05.52:592][  0]LogConfig: Setting CVar [[r.Upscale.Quality:1]]
[2020.06.11-17.05.52:592][  0]LogConfig: Setting CVar [[r.Tonemapper.GrainQuantization:0]]
[2020.06.11-17.05.52:592][  0]LogConfig: Setting CVar [[r.LightShaftQuality:0]]
[2020.06.11-17.05.52:592][  0]LogConfig: Setting CVar [[r.Filter.SizeScale:0.6]]
[2020.06.11-17.05.52:592][  0]LogConfig: Setting CVar [[r.Tonemapper.Quality:0]]
[2020.06.11-17.05.52:592][  0]LogConfig: Applying CVar settings from Section [TextureQuality@0] File [C:/Users/Theo/Desktop/TSDVJ-UnrealGame/DualCombatColor_FPS/Saved/Config/Windows/Scalability.ini]
[2020.06.11-17.05.52:592][  0]LogConfig: Setting CVar [[r.Streaming.MipBias:16]]
[2020.06.11-17.05.52:592][  0]LogConfig: Setting CVar [[r.Streaming.AmortizeCPUToGPUCopy:1]]
[2020.06.11-17.05.52:592][  0]LogConfig: Setting CVar [[r.Streaming.MaxNumTexturesToStreamPerFrame:1]]
[2020.06.11-17.05.52:592][  0]LogConfig: Setting CVar [[r.Streaming.Boost:0.3]]
[2020.06.11-17.05.52:592][  0]LogConfig: Setting CVar [[r.MaxAnisotropy:0]]
[2020.06.11-17.05.52:592][  0]LogConfig: Setting CVar [[r.VT.MaxAnisotropy:4]]
[2020.06.11-17.05.52:592][  0]LogConfig: Setting CVar [[r.Streaming.LimitPoolSizeToVRAM:1]]
[2020.06.11-17.05.52:592][  0]LogConfig: Setting CVar [[r.Streaming.PoolSize:400]]
[2020.06.11-17.05.52:592][  0]LogConfig: Setting CVar [[r.Streaming.MaxEffectiveScreenSize:0]]
[2020.06.11-17.05.52:592][  0]LogConfig: Applying CVar settings from Section [EffectsQuality@0] File [C:/Users/Theo/Desktop/TSDVJ-UnrealGame/DualCombatColor_FPS/Saved/Config/Windows/Scalability.ini]
[2020.06.11-17.05.52:592][  0]LogConfig: Setting CVar [[r.TranslucencyLightingVolumeDim:24]]
[2020.06.11-17.05.52:592][  0]LogConfig: Setting CVar [[r.RefractionQuality:0]]
[2020.06.11-17.05.52:592][  0]LogConfig: Setting CVar [[r.SSR.Quality:0]]
[2020.06.11-17.05.52:592][  0]LogConfig: Setting CVar [[r.SSR.HalfResSceneColor:1]]
[2020.06.11-17.05.52:592][  0]LogConfig: Setting CVar [[r.SceneColorFormat:3]]
[2020.06.11-17.05.52:592][  0]LogConfig: Setting CVar [[r.DetailMode:0]]
[2020.06.11-17.05.52:592][  0]LogConfig: Setting CVar [[r.TranslucencyVolumeBlur:0]]
[2020.06.11-17.05.52:592][  0]LogConfig: Setting CVar [[r.MaterialQualityLevel:0 ; Low quality]]
[2020.06.11-17.05.52:592][  0]LogConfig: Setting CVar [[r.SSS.Scale:0]]
[2020.06.11-17.05.52:592][  0]LogConfig: Setting CVar [[r.SSS.SampleSet:0]]
[2020.06.11-17.05.52:592][  0]LogConfig: Setting CVar [[r.SSS.Quality:0]]
[2020.06.11-17.05.52:592][  0]LogConfig: Setting CVar [[r.SSS.HalfRes:1]]
[2020.06.11-17.05.52:592][  0]LogConfig: Setting CVar [[r.SSGI.Quality:0]]
[2020.06.11-17.05.52:592][  0]LogConfig: Setting CVar [[r.EmitterSpawnRateScale:0.125]]
[2020.06.11-17.05.52:592][  0]LogConfig: Setting CVar [[r.ParticleLightQuality:0]]
[2020.06.11-17.05.52:592][  0]LogConfig: Setting CVar [[r.SkyAtmosphere.AerialPerspectiveLUT.FastApplyOnOpaque:1 ; Always have FastSkyLUT 1 in this case to avoid wrong sky]]
[2020.06.11-17.05.52:592][  0]LogConfig: Setting CVar [[r.SkyAtmosphere.AerialPerspectiveLUT.SampleCountPerSlice:1]]
[2020.06.11-17.05.52:593][  0]LogConfig: Setting CVar [[r.SkyAtmosphere.AerialPerspectiveLUT.DepthResolution:8.0]]
[2020.06.11-17.05.52:593][  0]LogConfig: Setting CVar [[r.SkyAtmosphere.FastSkyLUT:1]]
[2020.06.11-17.05.52:593][  0]LogConfig: Setting CVar [[r.SkyAtmosphere.FastSkyLUT.SampleCountMin:2.0]]
[2020.06.11-17.05.52:593][  0]LogConfig: Setting CVar [[r.SkyAtmosphere.FastSkyLUT.SampleCountMax:16.0]]
[2020.06.11-17.05.52:593][  0]LogConfig: Setting CVar [[r.SkyAtmosphere.SampleCountMin:2.0]]
[2020.06.11-17.05.52:593][  0]LogConfig: Setting CVar [[r.SkyAtmosphere.SampleCountMax:16.0]]
[2020.06.11-17.05.52:593][  0]LogConfig: Setting CVar [[r.SkyAtmosphere.TransmittanceLUT.UseSmallFormat:1]]
[2020.06.11-17.05.52:593][  0]LogConfig: Setting CVar [[r.SkyAtmosphere.TransmittanceLUT.SampleCount:10.0]]
[2020.06.11-17.05.52:593][  0]LogConfig: Setting CVar [[r.SkyAtmosphere.MultiScatteringLUT.SampleCount:15.0]]
[2020.06.11-17.05.52:593][  0]LogConfig: Applying CVar settings from Section [FoliageQuality@0] File [C:/Users/Theo/Desktop/TSDVJ-UnrealGame/DualCombatColor_FPS/Saved/Config/Windows/Scalability.ini]
[2020.06.11-17.05.52:593][  0]LogConfig: Setting CVar [[foliage.DensityScale:0]]
[2020.06.11-17.05.52:593][  0]LogConfig: Setting CVar [[grass.DensityScale:0]]
[2020.06.11-17.05.52:593][  0]LogConfig: Applying CVar settings from Section [ShadingQuality@0] File [C:/Users/Theo/Desktop/TSDVJ-UnrealGame/DualCombatColor_FPS/Saved/Config/Windows/Scalability.ini]
[2020.06.11-17.05.52:593][  0]LogConfig: Setting CVar [[r.HairStrands.SkyLighting.SampleCount:8]]
[2020.06.11-17.05.52:593][  0]LogConfig: Setting CVar [[r.HairStrands.SkyLighting.JitterIntegration:0]]
[2020.06.11-17.05.52:593][  0]LogConfig: Setting CVar [[r.HairStrands.SkyAO.SampleCount:8]]
[2020.06.11-17.05.52:593][  0]LogConfig: Applying CVar settings from Section [Startup] File [../../../Engine/Config/ConsoleVariables.ini]
[2020.06.11-17.05.52:625][  0]LogConfig: Setting CVar [[net.UseAdaptiveNetUpdateFrequency:0]]
[2020.06.11-17.05.52:625][  0]LogConfig: Setting CVar [[p.chaos.AllowCreatePhysxBodies:1]]
[2020.06.11-17.05.52:625][  0]LogConfig: Applying CVar settings from Section [ConsoleVariables] File [C:/Users/Theo/Desktop/TSDVJ-UnrealGame/DualCombatColor_FPS/Saved/Config/Windows/Engine.ini]
[2020.06.11-17.05.52:748][  0]LogInit: Computer: DESKTOP-6PDEUV4
[2020.06.11-17.05.52:748][  0]LogInit: User: Theo
[2020.06.11-17.05.52:748][  0]LogInit: CPU Page size=4096, Cores=2
[2020.06.11-17.05.52:748][  0]LogInit: High frequency timer resolution =14.318180 MHz
[2020.06.11-17.05.52:749][  0]LogMemory: Memory total: Physical=8.0GB (8GB approx)
[2020.06.11-17.05.52:749][  0]LogMemory: Platform Memory Stats for Windows
[2020.06.11-17.05.52:749][  0]LogMemory: Process Physical Memory: 105.27 MB used, 105.28 MB peak
[2020.06.11-17.05.52:749][  0]LogMemory: Process Virtual Memory: 99.48 MB used, 99.48 MB peak
[2020.06.11-17.05.52:749][  0]LogMemory: Physical Memory: 3609.40 MB used,  4535.97 MB free, 8145.37 MB total
[2020.06.11-17.05.52:749][  0]LogMemory: Virtual Memory: 5117.20 MB used,  134212608.00 MB free, 134217728.00 MB total
[2020.06.11-17.05.52:850][  0]LogWindows: WindowsPlatformFeatures enabled
[2020.06.11-17.06.06:707][  0]LogInit: Overriding language with editor language configuration option (en).
[2020.06.11-17.06.06:707][  0]LogInit: Overriding locale with editor locale configuration option (en).
[2020.06.11-17.06.16:812][  0]LogInit: Setting process to per monitor DPI aware
[2020.06.11-17.06.18:499][  0]LogSlate: New Slate User Created.  User Index 0, Is Virtual User: 0
[2020.06.11-17.06.18:499][  0]LogSlate: Slate User Registered.  User Index 0, Is Virtual User: 0
[2020.06.11-17.06.45:648][  0]LogHMD: Failed to initialize OpenVR with code 110
[2020.06.11-17.06.45:648][  0]LogD3D11RHI: D3D11 min allowed feature level: 11_0
[2020.06.11-17.06.45:648][  0]LogD3D11RHI: D3D11 max allowed feature level: 11_0
[2020.06.11-17.06.45:648][  0]LogD3D11RHI: D3D11 adapters:
[2020.06.11-17.06.45:665][  0]LogD3D11RHI:    0. 'AMD Radeon HD 5450' (Feature Level 11_0)
[2020.06.11-17.06.45:665][  0]LogD3D11RHI:       2034/0/3840 MB DedicatedVideo/DedicatedSystem/SharedSystem, Outputs:1, VendorId:0x1002
[2020.06.11-17.06.45:670][  0]LogD3D11RHI:    1. 'Microsoft Basic Render Driver' (Feature Level 11_0)
[2020.06.11-17.06.45:670][  0]LogD3D11RHI:       0/0/4072 MB DedicatedVideo/DedicatedSystem/SharedSystem, Outputs:0, VendorId:0x1414
[2020.06.11-17.06.45:670][  0]LogD3D11RHI: Chosen D3D11 Adapter: 0
[2020.06.11-17.06.45:679][  0]LogD3D11RHI: Creating new Direct3DDevice
[2020.06.11-17.06.45:679][  0]LogD3D11RHI:     GPU DeviceId: 0x68f9 (for the marketing name, search the web for "GPU Device Id")
[2020.06.11-17.06.45:679][  0]LogWindows: EnumDisplayDevices:
[2020.06.11-17.06.45:680][  0]LogWindows:    0. 'AMD Radeon HD 5450' (P:1 D:1)
[2020.06.11-17.06.45:681][  0]LogWindows:    1. 'AMD Radeon HD 5450' (P:0 D:0)
[2020.06.11-17.06.45:681][  0]LogWindows: DebugString: FoundDriverCount:2 
[2020.06.11-17.06.45:681][  0]LogD3D11RHI:     Adapter Name: AMD Radeon HD 5450
[2020.06.11-17.06.45:681][  0]LogD3D11RHI:   Driver Version: 15.201.1151.1008 (internal:15.201.1151.1008, unified:15.201.1151.1008)
[2020.06.11-17.06.45:681][  0]LogD3D11RHI:      Driver Date: 11-4-2015
[2020.06.11-17.06.45:681][  0]LogRHI: Texture pool is 1424 MB (70% of 2034 MB)
[2020.06.11-17.06.45:962][  0]LogD3D11RHI: AMD Pre GCN architecture detected, some driver workarounds will be in place
[2020.06.11-17.06.46:006][  0]LogD3D11RHI: RHI does not have support for 64 bit atomics
[2020.06.11-17.06.46:006][  0]LogD3D11RHI: Async texture creation enabled
[2020.06.11-17.06.46:023][  0]LogD3D11RHI: GPU Timing Frequency: 27.000000 (Debug: 2 1)
[2020.06.11-17.06.46:555][  0]LogTargetPlatformManager: Display: Loaded TargetPlatform 'AllDesktop'
[2020.06.11-17.06.46:984][  0]LogTargetPlatformManager: Display: Loaded TargetPlatform 'Android'
[2020.06.11-17.06.46:984][  0]LogTargetPlatformManager: Display: Loaded TargetPlatform 'Android_ASTC'
[2020.06.11-17.06.46:984][  0]LogTargetPlatformManager: Display: Loaded TargetPlatform 'Android_ATC'
[2020.06.11-17.06.46:984][  0]LogTargetPlatformManager: Display: Loaded TargetPlatform 'Android_DXT'
[2020.06.11-17.06.46:984][  0]LogTargetPlatformManager: Display: Loaded TargetPlatform 'Android_ETC1'
[2020.06.11-17.06.46:984][  0]LogTargetPlatformManager: Display: Loaded TargetPlatform 'Android_ETC1a'
[2020.06.11-17.06.46:984][  0]LogTargetPlatformManager: Display: Loaded TargetPlatform 'Android_ETC2'
[2020.06.11-17.06.46:984][  0]LogTargetPlatformManager: Display: Loaded TargetPlatform 'Android_PVRTC'
[2020.06.11-17.06.46:984][  0]LogTargetPlatformManager: Display: Loaded TargetPlatform 'AndroidClient'
[2020.06.11-17.06.46:984][  0]LogTargetPlatformManager: Display: Loaded TargetPlatform 'Android_ASTCClient'
[2020.06.11-17.06.46:984][  0]LogTargetPlatformManager: Display: Loaded TargetPlatform 'Android_ATCClient'
[2020.06.11-17.06.46:984][  0]LogTargetPlatformManager: Display: Loaded TargetPlatform 'Android_DXTClient'
[2020.06.11-17.06.46:984][  0]LogTargetPlatformManager: Display: Loaded TargetPlatform 'Android_ETC1Client'
[2020.06.11-17.06.46:984][  0]LogTargetPlatformManager: Display: Loaded TargetPlatform 'Android_ETC1aClient'
[2020.06.11-17.06.46:984][  0]LogTargetPlatformManager: Display: Loaded TargetPlatform 'Android_ETC2Client'
[2020.06.11-17.06.46:984][  0]LogTargetPlatformManager: Display: Loaded TargetPlatform 'Android_PVRTCClient'
[2020.06.11-17.06.46:984][  0]LogTargetPlatformManager: Display: Loaded TargetPlatform 'Android_Multi'
[2020.06.11-17.06.46:984][  0]LogTargetPlatformManager: Display: Loaded TargetPlatform 'Android_MultiClient'
[2020.06.11-17.06.47:452][  0]LogTargetPlatformManager: Display: Loaded TargetPlatform 'IOSClient'
[2020.06.11-17.06.47:452][  0]LogTargetPlatformManager: Display: Loaded TargetPlatform 'IOS'
[2020.06.11-17.06.47:520][  0]LogTargetPlatformManager: Display: Loaded TargetPlatform 'LinuxNoEditor'
[2020.06.11-17.06.47:586][  0]LogTargetPlatformManager: Display: Loaded TargetPlatform 'LinuxClient'
[2020.06.11-17.06.47:649][  0]LogTargetPlatformManager: Display: Loaded TargetPlatform 'LinuxServer'
[2020.06.11-17.06.47:761][  0]LogTargetPlatformManager: Display: Loaded TargetPlatform 'LinuxAArch64NoEditor'
[2020.06.11-17.06.47:812][  0]LogTargetPlatformManager: Display: Loaded TargetPlatform 'LinuxAArch64Client'
[2020.06.11-17.06.47:886][  0]LogTargetPlatformManager: Display: Loaded TargetPlatform 'LinuxAArch64Server'
[2020.06.11-17.06.48:011][  0]LogTargetPlatformManager: Display: Loaded TargetPlatform 'Lumin'
[2020.06.11-17.06.48:011][  0]LogTargetPlatformManager: Display: Loaded TargetPlatform 'LuminClient'
[2020.06.11-17.06.48:097][  0]LogTargetPlatformManager: Display: Loaded TargetPlatform 'TVOSClient'
[2020.06.11-17.06.48:097][  0]LogTargetPlatformManager: Display: Loaded TargetPlatform 'TVOS'
[2020.06.11-17.06.48:171][  0]LogTargetPlatformManager: Display: Loaded TargetPlatform 'WindowsNoEditor'
[2020.06.11-17.06.48:236][  0]LogTargetPlatformManager: Display: Loaded TargetPlatform 'Windows'
[2020.06.11-17.06.48:301][  0]LogTargetPlatformManager: Display: Loaded TargetPlatform 'WindowsClient'
[2020.06.11-17.06.48:360][  0]LogTargetPlatformManager: Display: Loaded TargetPlatform 'WindowsServer'
[2020.06.11-17.06.48:361][  0]LogTargetPlatformManager: Display: Building Assets For Windows
[2020.06.11-17.06.48:677][  0]LogAudioDebug: Display: Lib vorbis DLL was dynamically loaded.
[2020.06.11-17.06.50:220][  0]LogShaderCompilers: Guid format shader working directory is -28 characters bigger than the processId version (../../../../../../Users/Theo/Desktop/TSDVJ-UnrealGame/DualCombatColor_FPS/Intermediate/Shaders/WorkingDirectory/5576/).
[2020.06.11-17.06.50:221][  0]LogShaderCompilers: Cleaned the shader compiler working directory 'C:/Users/Theo/AppData/Local/Temp/UnrealShaderWorkingDir/386A0DF24B21C5A60F6115BDDDD56FBA/'.
[2020.06.11-17.06.50:221][  0]LogXGEController: Cleaning working directory: C:/Users/Theo/AppData/Local/Temp/UnrealXGEWorkingDir/
[2020.06.11-17.06.50:222][  0]LogXGEController: Cannot use XGE Controller as Incredibuild is not installed on this machine.
[2020.06.11-17.06.50:222][  0]LogShaderCompilers: Cannot use XGE Shader Compiler as Incredibuild is not installed on this machine.
[2020.06.11-17.06.50:222][  0]LogShaderCompilers: Display: Using Local Shader Compiler.
[2020.06.11-17.07.11:167][  0]LogDerivedDataCache: Display: Max Cache Size: 512 MB
[2020.06.11-17.07.13:192][  0]LogDerivedDataCache: Loaded boot cache 2.02s 78MB C:/Users/Theo/AppData/Local/UnrealEngine/4.24/DerivedDataCache/Boot.ddc.
[2020.06.11-17.07.13:192][  0]LogDerivedDataCache: Display: Loaded Boot cache: C:/Users/Theo/AppData/Local/UnrealEngine/4.24/DerivedDataCache/Boot.ddc
[2020.06.11-17.07.13:192][  0]LogDerivedDataCache: FDerivedDataBackendGraph:  Pak pak cache file ../../../../../../Users/Theo/Desktop/TSDVJ-UnrealGame/DualCombatColor_FPS/DerivedDataCache/DDC.ddp not found, will not use a pak cache.
[2020.06.11-17.07.13:192][  0]LogDerivedDataCache: Unable to find inner node Pak for hierarchical cache Hierarchy.
[2020.06.11-17.07.13:193][  0]LogDerivedDataCache: FDerivedDataBackendGraph:  CompressedPak pak cache file ../../../../../../Users/Theo/Desktop/TSDVJ-UnrealGame/DualCombatColor_FPS/DerivedDataCache/Compressed.ddp not found, will not use a pak cache.
[2020.06.11-17.07.13:193][  0]LogDerivedDataCache: Unable to find inner node CompressedPak for hierarchical cache Hierarchy.
[2020.06.11-17.07.13:498][  0]LogDerivedDataCache: Display: Pak cache opened for reading ../../../Engine/DerivedDataCache/Compressed.ddp.
[2020.06.11-17.07.13:498][  0]LogDerivedDataCache: FDerivedDataBackendGraph:  EnterprisePak pak cache file ../../../Enterprise/DerivedDataCache/Compressed.ddp not found, will not use a pak cache.
[2020.06.11-17.07.13:498][  0]LogDerivedDataCache: Unable to find inner node EnterprisePak for hierarchical cache Hierarchy.
[2020.06.11-17.07.13:526][  0]LogDerivedDataCache: Using Local data cache path C:/Users/Theo/AppData/Local/UnrealEngine/Common/DerivedDataCache: Writable
[2020.06.11-17.07.13:526][  0]LogDerivedDataCache: Shared data cache path not found in *engine.ini, will not use an Shared cache.
[2020.06.11-17.07.13:526][  0]LogDerivedDataCache: Unable to find inner node Shared for hierarchical cache Hierarchy.
[2020.06.11-17.07.13:577][  0]LogMaterial: Verifying Global Shaders for PCD3D_SM5
[2020.06.11-17.07.13:582][  0]LogSlate: Using FreeType 2.10.0
[2020.06.11-17.07.13:918][  0]LogSlate: SlateFontServices - WITH_FREETYPE: 1, WITH_HARFBUZZ: 1
[2020.06.11-17.07.27:009][  0]LogAssetRegistry: FAssetRegistry took 0.0042 seconds to start up
[2020.06.11-17.07.27:888][  0]LogInit: Selected Device Profile: [Windows]
[2020.06.11-17.07.39:063][  0]LogMeshReduction: Using QuadricMeshReduction for automatic static mesh reduction
[2020.06.11-17.07.39:063][  0]LogMeshReduction: Using SimplygonMeshReduction for automatic skeletal mesh reduction
[2020.06.11-17.07.39:063][  0]LogMeshReduction: Using ProxyLODMeshReduction for automatic mesh merging
[2020.06.11-17.07.39:063][  0]LogMeshReduction: No distributed automatic mesh merging module available
[2020.06.11-17.07.39:063][  0]LogMeshMerging: No distributed automatic mesh merging module available
[2020.06.11-17.07.39:954][  0]LogNetVersion: DualCombatColor_FPS 1.0.0, NetCL: 10570792, EngineNetVer: 13, GameNetVer: 0 (Checksum: 1830361772)
[2020.06.11-17.08.44:835][  0]LogPackageLocalizationCache: Processed 10 localized package path(s) for 1 prioritized culture(s) in 0.107373 seconds
[2020.06.11-17.08.44:847][  0]LogUObjectArray: 46750 objects as part of root set at end of initial load.
[2020.06.11-17.08.44:847][  0]LogUObjectAllocator: 8137160 out of 0 bytes used by permanent object pool.
[2020.06.11-17.08.44:847][  0]LogUObjectArray: CloseDisregardForGC: 0/0 objects in disregard for GC pool
[2020.06.11-17.08.56:307][  0]LogTcpMessaging: Initializing TcpMessaging bridge
[2020.06.11-17.08.56:373][  0]LogUdpMessaging: Initializing bridge on interface 0.0.0.0:0 to multicast group 230.0.0.1:6666.
[2020.06.11-17.08.56:902][  0]LogLinker: Warning: Failed to load '/Game/FirstPersonCPP/Blueprints/FirstPersonCharacter': Can't find file.
[2020.06.11-17.08.56:902][  0]LogLinker: Warning: Failed to load '/Game/FirstPersonCPP/Blueprints/FirstPersonCharacter': Can't find file.
[2020.06.11-17.08.56:902][  0]LogUObjectGlobals: Warning: Failed to find object 'Class /Game/FirstPersonCPP/Blueprints/FirstPersonCharacter.FirstPersonCharacter_C'
[2020.06.11-17.08.56:902][  0]Error: CDO Constructor (DualCombatColor_FPSGameMode): Failed to find /Game/FirstPersonCPP/Blueprints/FirstPersonCharacter.FirstPersonCharacter_C

[2020.06.11-17.08.56:931][  0]LogUObjectBase: Warning: -------------- Default Property warnings and errors:
[2020.06.11-17.08.56:932][  0]LogUObjectBase: Warning: Error: CDO Constructor (DualCombatColor_FPSGameMode): Failed to find /Game/FirstPersonCPP/Blueprints/FirstPersonCharacter.FirstPersonCharacter_C

[2020.06.11-17.09.45:433][  0]LogWindowsTextInputMethodSystem: Display: IME system now deactivated.
[2020.06.11-17.09.46:498][  0]SourceControl: Source control is disabled
[2020.06.11-17.09.46:498][  0]SourceControl: Source control is disabled
[2020.06.11-17.09.46:861][  0]SourceControl: Source control is disabled
[2020.06.11-17.09.46:947][  0]SourceControl: Source control is disabled
[2020.06.11-17.09.47:000][  0]SourceControl: Source control is disabled
[2020.06.11-17.09.50:616][  0]LogAndroidPermission: UAndroidPermissionCallbackProxy::GetInstance
[2020.06.11-17.09.50:991][  0]LogAudioCaptureCore: Display: No Audio Capture implementations found. Audio input will be silent.
[2020.06.11-17.09.50:991][  0]LogAudioCaptureCore: Display: No Audio Capture implementations found. Audio input will be silent.
[2020.06.11-17.09.53:739][  0]LogOcInput: OculusInput pre-init called
[2020.06.11-17.09.54:420][  0]LogWindows: Failed to load 'OVRPlugin.dll' (GetLastError=126)
[2020.06.11-17.09.54:420][  0]LogWindows: File 'OVRPlugin.dll' does not exist
[2020.06.11-17.10.10:158][  0]LogAutomationTest: Warning: Smoke tests took > 2s to run: 3.71s
[2020.06.11-17.10.11:115][  0]LogEngine: Initializing Engine...
[2020.06.11-17.10.11:482][  0]LogHMD: Failed to initialize OpenVR with code 110
[2020.06.11-17.10.11:841][  0]LogStats: UGameplayTagsManager::InitializeManager -  0.026 s
[2020.06.11-17.10.20:508][  0]LogInit: Initializing FReadOnlyCVARCache
[2020.06.11-17.10.27:599][  0]LogAIModule: Creating AISystem for world Untitled
[2020.06.11-17.10.30:393][  0]LogAudioMixer: Display: Audio Mixer Platform Settings:
[2020.06.11-17.10.30:393][  0]LogAudioMixer: Display: 	Sample Rate:						  48000
[2020.06.11-17.10.30:393][  0]LogAudioMixer: Display: 	Callback Buffer Frame Size Requested: 1024
[2020.06.11-17.10.30:393][  0]LogAudioMixer: Display: 	Callback Buffer Frame Size To Use:	  1024
[2020.06.11-17.10.30:393][  0]LogAudioMixer: Display: 	Number of buffers to queue:			  2
[2020.06.11-17.10.30:393][  0]LogAudioMixer: Display: 	Max Channels (voices):				  32
[2020.06.11-17.10.30:393][  0]LogAudioMixer: Display: 	Number of Async Source Workers:		  0
[2020.06.11-17.10.30:431][  0]LogAudio: Display: AudioDevice MaxSources: 32
[2020.06.11-17.10.30:742][  0]LogAudio: Display: Using built-in audio occlusion.
[2020.06.11-17.10.30:802][  0]LogAudioMixer: Display: Initializing audio mixer.
[2020.06.11-17.10.31:363][  0]LogAudioMixer: Display: Audio Device Output Speaker Info:
[2020.06.11-17.10.31:363][  0]LogAudioMixer: Display: Name: Altavoces (Realtek High Definition Audio)
[2020.06.11-17.10.31:363][  0]LogAudioMixer: Display: Is Default: Yes
[2020.06.11-17.10.31:363][  0]LogAudioMixer: Display: Sample Rate: 48000
[2020.06.11-17.10.31:363][  0]LogAudioMixer: Display: Channel Count Used: 6
[2020.06.11-17.10.31:363][  0]LogAudioMixer: Display: Device Channel Count: 6
[2020.06.11-17.10.31:363][  0]LogAudioMixer: Display: Channel Order:
[2020.06.11-17.10.31:363][  0]LogAudioMixer: Display: 0: FrontLeft
[2020.06.11-17.10.31:363][  0]LogAudioMixer: Display: 1: FrontRight
[2020.06.11-17.10.31:363][  0]LogAudioMixer: Display: 2: FrontCenter
[2020.06.11-17.10.31:363][  0]LogAudioMixer: Display: 3: LowFrequency
[2020.06.11-17.10.31:363][  0]LogAudioMixer: Display: 4: BackLeft
[2020.06.11-17.10.31:363][  0]LogAudioMixer: Display: 5: BackRight
[2020.06.11-17.10.31:494][  0]LogAudioMixer: Display: Using Audio Device Altavoces (Realtek High Definition Audio)
[2020.06.11-17.10.31:624][  0]LogInit: FAudioDevice initialized.
[2020.06.11-17.10.31:664][  0]LogNetVersion: Set ProjectVersion to 1.0.0.0. Version Checksum will be recalculated on next use.
[2020.06.11-17.10.32:608][  0]LogDerivedDataCache: Saved boot cache 0.94s 78MB C:/Users/Theo/AppData/Local/UnrealEngine/4.24/DerivedDataCache/Boot.ddc.
[2020.06.11-17.10.32:664][  0]LogInit: Texture streaming: Enabled
[2020.06.11-17.10.34:597][  0]LogEngineSessionManager: EngineSessionManager initialized
[2020.06.11-17.10.34:634][  0]LogEngineSessionManager: EngineSessionManager sent abnormal shutdown report. Type=AbnormalShutdown, SessionId={9857ABEB-40A5-D2F0-1576-57A1784A3427}
[2020.06.11-17.10.34:634][  0]LogEditorSessionSummary: Verbose: Initializing EditorSessionSummaryWriter for editor session tracking
[2020.06.11-17.10.34:671][  0]LogEditorSessionSummary: EditorSessionSummaryWriter initialized
[2020.06.11-17.10.38:471][  0]LogInit: Transaction tracking system initialized
[2020.06.11-17.10.42:490][  0]BlueprintLog: New page: Editor Load
[2020.06.11-17.10.48:988][  0]LocalizationService: Localization service is disabled
[2020.06.11-17.11.01:606][  0]LogFileCache: Scanning file cache for directory 'C:/Users/Theo/Desktop/TSDVJ-UnrealGame/DualCombatColor_FPS/Content/' took 0.02s
[2020.06.11-17.11.01:606][  0]LogCook: Display: Max memory allowance for cook 16384mb min free memory 0mb
[2020.06.11-17.11.01:606][  0]LogCook: Display: Mobile HDR setting 1
[2020.06.11-17.11.16:663][  0]SourceControl: Source control is disabled
[2020.06.11-17.11.17:032][  0]LogWindowsTextInputMethodSystem: Display: IME system now deactivated.
[2020.06.11-17.11.17:465][  0]LogSlate: Took 0.069246 seconds to synchronously load lazily loaded font '../../../Engine/Content/Slate/Fonts/Roboto-Regular.ttf' (155K)
[2020.06.11-17.12.31:872][  0]LogSlate: Window 'Restore Packages' being destroyed
[2020.06.11-17.12.31:873][  0]LogWindowsTextInputMethodSystem: Display: IME system now deactivated.
[2020.06.11-17.12.31:988][  0]LogWindowsTextInputMethodSystem: Display: IME system now deactivated.
[2020.06.11-17.12.33:710][  0]LogSlate: Window 'Unable to Check Out From Source Control!' being destroyed
[2020.06.11-17.12.33:710][  0]LogWindowsTextInputMethodSystem: Display: IME system now deactivated.
[2020.06.11-17.12.33:868][  0]LogWindowsTextInputMethodSystem: Display: IME system now deactivated.
[2020.06.11-17.12.33:916][  0]Cmd: MAP LOAD FILE="../../../../../../Users/Theo/Desktop/TSDVJ-UnrealGame/DualCombatColor_FPS/Content/TheoLeyenda/Maps/MainMenu_Map.umap" TEMPLATE=0 SHOWPROGRESS=1 FEATURELEVEL=3
[2020.06.11-17.12.33:975][  0]LightingResults: New page: Lighting Build
[2020.06.11-17.12.34:236][  0]LogWorld: UWorld::CleanupWorld for Untitled, bSessionEnded=true, bCleanupResources=true
[2020.06.11-17.12.34:315][  0]LogSlate: InvalidateAllWidgets triggered.  All widgets were invalidated
[2020.06.11-17.12.34:379][  0]MapCheck: New page: Map Check
[2020.06.11-17.12.34:379][  0]LightingResults: New page: Lighting Build
[2020.06.11-17.12.35:469][  0]LogUObjectHash: Compacting FUObjectHashTables data took   8.04ms
[2020.06.11-17.12.37:120][  0]LogAIModule: Creating AISystem for world MainMenu_Map
[2020.06.11-17.12.38:084][  0]LogEditorServer: Finished looking for orphan Actors (0.000 secs)
[2020.06.11-17.12.38:314][  0]LogUObjectHash: Compacting FUObjectHashTables data took   3.02ms
[2020.06.11-17.12.38:315][  0]Cmd: MAP CHECKDEP NOCLEARLOG
[2020.06.11-17.12.38:336][  0]MapCheck: Map check complete: 0 Error(s), 0 Warning(s), took 20.99ms to complete.
[2020.06.11-17.12.38:336][  0]LogFileHelpers: Loading map 'MainMenu_Map' took 4.457
[2020.06.11-17.12.40:758][  0]LogSlate: Updating window title bar state: overlay mode, drag disabled, window buttons hidden, title bar hidden
[2020.06.11-17.12.40:817][  0]LogSlate: Updating window title bar state: overlay mode, drag disabled, window buttons hidden, title bar hidden
[2020.06.11-17.12.40:837][  0]LogSlate: Updating window title bar state: overlay mode, drag disabled, window buttons hidden, title bar hidden
[2020.06.11-17.12.40:851][  0]LogSlate: Updating window title bar state: overlay mode, drag disabled, window buttons hidden, title bar hidden
[2020.06.11-17.12.41:061][  0]LogCollectionManager: Loaded 0 collections in 0.003194 seconds
[2020.06.11-17.12.41:369][  0]LogFileCache: Scanning file cache for directory 'C:/Users/Theo/Desktop/TSDVJ-UnrealGame/DualCombatColor_FPS/Saved/Collections/' took 0.00s
[2020.06.11-17.12.41:369][  0]LogFileCache: Scanning file cache for directory 'C:/Users/Theo/Desktop/TSDVJ-UnrealGame/DualCombatColor_FPS/Content/Developers/Theo/Collections/' took 0.00s
[2020.06.11-17.12.41:369][  0]LogFileCache: Scanning file cache for directory 'C:/Users/Theo/Desktop/TSDVJ-UnrealGame/DualCombatColor_FPS/Content/Collections/' took 0.00s
[2020.06.11-17.12.41:369][  0]LogContentBrowser: Native class hierarchy populated in 0.0668 seconds. Added 3024 classes and 719 folders.
[2020.06.11-17.12.41:707][  0]LogContentBrowser: Native class hierarchy updated for 'WidgetCarousel' in 0.0007 seconds. Added 0 classes and 0 folders.
[2020.06.11-17.12.45:573][  0]LogContentBrowser: Native class hierarchy updated for 'AddContentDialog' in 0.0015 seconds. Added 0 classes and 0 folders.
[2020.06.11-17.12.45:724][  0]LogContentBrowser: Native class hierarchy updated for 'SceneOutliner' in 0.0008 seconds. Added 2 classes and 3 folders.
[2020.06.11-17.12.51:837][  0]LogSlate: Took 0.115546 seconds to synchronously load lazily loaded font '../../../Engine/Content/Slate/Fonts/Roboto-Bold.ttf' (160K)
[2020.06.11-17.12.53:191][  0]LogRenderer: Reallocating scene render targets to support 1092x600 Format 9 NumSamples 1 (Frame:1).
[2020.06.11-17.12.54:580][  0]LogContentBrowser: Native class hierarchy updated for 'HierarchicalLODOutliner' in 0.0016 seconds. Added 0 classes and 0 folders.
[2020.06.11-17.12.54:580][  0]LogLoad: (Engine Initialization) Total time: 630.15 seconds
[2020.06.11-17.12.54:580][  0]LogLoad: (Engine Initialization) Total Blueprint compile time: 0.00 seconds
[2020.06.11-17.12.56:438][  0]LogContentStreaming: Texture pool size now 400 MB
[2020.06.11-17.12.57:073][  2]LogSlate: Took 0.069406 seconds to synchronously load lazily loaded font '../../../Engine/Content/Slate/Fonts/Roboto-Light.ttf' (167K)
[2020.06.11-17.13.01:305][ 48]LogAssetRegistry: Asset discovery search completed in 334.2983 seconds
[2020.06.11-17.13.01:349][ 48]LogCollectionManager: Fixed up redirectors for 0 collections in 0.024535 seconds (updated 0 objects)
[2020.06.11-17.19.01:574][632]LogAssetEditorSubsystem: Opening Asset editor for WidgetBlueprint /Game/TheoLeyenda/Bluprints/MainMenuWidget_BP.MainMenuWidget_BP
[2020.06.11-17.19.06:340][632]LogContentBrowser: Native class hierarchy updated for 'BlueprintGraph' in 0.0012 seconds. Added 121 classes and 0 folders.
[2020.06.11-17.19.11:020][632]LogSlate: Took 0.060930 seconds to synchronously load lazily loaded font '../../../Engine/Content/Slate/Fonts/Roboto-BoldCondensed.ttf' (158K)
[2020.06.11-17.19.11:055][632]LogSlate: Took 0.028657 seconds to synchronously load lazily loaded font '../../../Engine/Content/Editor/Slate/Fonts/FontAwesome.ttf' (139K)
[2020.06.11-17.42.58:909][535]LogEditorTransaction: Undo Edit Top
[2020.06.11-17.45.02:228][819]LogUObjectHash: Compacting FUObjectHashTables data took   9.57ms
[2020.06.11-17.45.02:231][819]LogFileHelpers: Editor autosave (incl. sublevels) for '/Game/TheoLeyenda/Maps/MainMenu_Map' took 0.187
[2020.06.11-17.45.02:324][819]OBJ SavePackage: Generating thumbnails for [0] asset(s) in package [/Game/TheoLeyenda/Bluprints/MainMenuWidget_BP] ([1] browsable assets)...
[2020.06.11-17.45.02:324][819]OBJ SavePackage: Finished generating thumbnails for package [/Game/TheoLeyenda/Bluprints/MainMenuWidget_BP]
[2020.06.11-17.45.02:938][819]LogSavePackage: Moving '../../../../../../Users/Theo/Desktop/TSDVJ-UnrealGame/DualCombatColor_FPS/Saved/MainMenuWidget_BP_Auto1779468C34179D75EAFEA8F807C56643A.tmp' to '../../../../../../Users/Theo/Desktop/TSDVJ-UnrealGame/DualCombatColor_FPS/Saved/Autosaves/Game/TheoLeyenda/Bluprints/MainMenuWidget_BP_Auto1.uasset'
[2020.06.11-17.45.03:067][819]LogFileHelpers: Auto-saving content packages took 0.834
[2020.06.11-17.46.43:742][425]LogSlate: Window 'Color Picker' being destroyed
[2020.06.11-17.48.11:315][446]LogSlate: Window 'Color Picker' being destroyed
[2020.06.11-17.49.19:258][262]LogSlate: Window 'Color Picker' being destroyed
[2020.06.11-17.49.54:216][652]LogSavePackage: Moving '../../../../../../Users/Theo/Desktop/TSDVJ-UnrealGame/DualCombatColor_FPS/Saved/MainMenuWidget_BP83B6753D4488E5A80AA3549C47C39F6D.tmp' to '../../../../../../Users/Theo/Desktop/TSDVJ-UnrealGame/DualCombatColor_FPS/Content/TheoLeyenda/Bluprints/MainMenuWidget_BP.uasset'
[2020.06.11-17.49.54:264][652]AssetCheck: New page: Asset Save: MainMenuWidget_BP
[2020.06.11-17.49.54:264][652]LogContentValidation: Display: Validating WidgetBlueprint /Game/TheoLeyenda/Bluprints/MainMenuWidget_BP.MainMenuWidget_BP
[2020.06.11-17.51.03:070][499]LogSlate: Window 'Color Picker' being destroyed
[2020.06.11-17.51.23:967][747]LogSlate: Window 'Color Picker' being destroyed
[2020.06.11-17.52.00:510][163]LogSlate: Window 'Color Picker' being destroyed
[2020.06.11-17.52.07:434][233]LogSavePackage: Moving '../../../../../../Users/Theo/Desktop/TSDVJ-UnrealGame/DualCombatColor_FPS/Saved/MainMenuWidget_BP95B5FE4646D4BC5216B7D4962E3DCE06.tmp' to '../../../../../../Users/Theo/Desktop/TSDVJ-UnrealGame/DualCombatColor_FPS/Content/TheoLeyenda/Bluprints/MainMenuWidget_BP.uasset'
[2020.06.11-17.52.07:461][233]AssetCheck: New page: Asset Save: MainMenuWidget_BP
[2020.06.11-17.52.07:461][233]LogContentValidation: Display: Validating WidgetBlueprint /Game/TheoLeyenda/Bluprints/MainMenuWidget_BP.MainMenuWidget_BP
[2020.06.11-17.52.10:001][260]BlueprintLog: New page: Compile MainMenuWidget_BP
[2020.06.11-17.52.10:156][260]LogUObjectHash: Compacting FUObjectHashTables data took   8.75ms
[2020.06.11-17.54.55:800][  6]LogSlate: Window 'MainMenuWidget_BP' being destroyed
[2020.06.11-17.54.57:075][ 51]LogSavePackage: Moving '../../../../../../Users/Theo/Desktop/TSDVJ-UnrealGame/DualCombatColor_FPS/Saved/MainMenuWidget_BP9EFD13964606AA0A1FFDCBAD61BC4736.tmp' to '../../../../../../Users/Theo/Desktop/TSDVJ-UnrealGame/DualCombatColor_FPS/Content/TheoLeyenda/Bluprints/MainMenuWidget_BP.uasset'
[2020.06.11-17.54.57:095][ 51]AssetCheck: New page: Asset Save: MainMenuWidget_BP
[2020.06.11-17.54.57:095][ 51]LogContentValidation: Display: Validating WidgetBlueprint /Game/TheoLeyenda/Bluprints/MainMenuWidget_BP.MainMenuWidget_BP
[2020.06.11-17.55.11:956][171]LogTemp: Repeating last play command: Selected Viewport
[2020.06.11-17.55.12:103][171]LogPlayLevel: PlayLevel: No blueprints needed recompiling
[2020.06.11-17.55.12:219][171]PIE: New page: PIE session: MainMenu_Map (Jun 11, 2020, 11:55:12 AM)
[2020.06.11-17.55.12:304][171]LogOnline: OSS: Creating online subsystem instance for: NULL
[2020.06.11-17.55.12:306][171]LogOnline: OSS: TryLoadSubsystemAndSetDefault: Loaded subsystem for module [NULL]
[2020.06.11-17.55.12:359][171]LogPlayLevel: Creating play world package: /Game/TheoLeyenda/Maps/UEDPIE_0_MainMenu_Map
[2020.06.11-17.55.12:454][171]LogPlayLevel: PIE: StaticDuplicateObject took: (0.094701s)
[2020.06.11-17.55.12:469][171]LogAIModule: Creating AISystem for world MainMenu_Map
[2020.06.11-17.55.12:476][171]LogPlayLevel: PIE: World Init took: (0.021463s)
[2020.06.11-17.55.12:476][171]LogPlayLevel: PIE: Created PIE world by copying editor world from /Game/TheoLeyenda/Maps/MainMenu_Map.MainMenu_Map to /Game/TheoLeyenda/Maps/UEDPIE_0_MainMenu_Map.MainMenu_Map (0.116903s)
[2020.06.11-17.55.12:548][171]LogUObjectHash: Compacting FUObjectHashTables data took   7.55ms
[2020.06.11-17.55.12:572][171]LogAudioMixer: Display: Audio Mixer Platform Settings:
[2020.06.11-17.55.12:572][171]LogAudioMixer: Display: 	Sample Rate:						  48000
[2020.06.11-17.55.12:572][171]LogAudioMixer: Display: 	Callback Buffer Frame Size Requested: 1024
[2020.06.11-17.55.12:572][171]LogAudioMixer: Display: 	Callback Buffer Frame Size To Use:	  1024
[2020.06.11-17.55.12:572][171]LogAudioMixer: Display: 	Number of buffers to queue:			  2
[2020.06.11-17.55.12:572][171]LogAudioMixer: Display: 	Max Channels (voices):				  32
[2020.06.11-17.55.12:572][171]LogAudioMixer: Display: 	Number of Async Source Workers:		  0
[2020.06.11-17.55.12:572][171]LogAudio: Display: AudioDevice MaxSources: 32
[2020.06.11-17.55.12:572][171]LogAudio: Display: Using built-in audio occlusion.
[2020.06.11-17.55.12:572][171]LogAudioMixer: Display: Initializing audio mixer.
[2020.06.11-17.55.12:584][171]LogAudioMixer: Display: Audio Device Output Speaker Info:
[2020.06.11-17.55.12:584][171]LogAudioMixer: Display: Name: Altavoces (Realtek High Definition Audio)
[2020.06.11-17.55.12:584][171]LogAudioMixer: Display: Is Default: Yes
[2020.06.11-17.55.12:584][171]LogAudioMixer: Display: Sample Rate: 48000
[2020.06.11-17.55.12:584][171]LogAudioMixer: Display: Channel Count Used: 6
[2020.06.11-17.55.12:584][171]LogAudioMixer: Display: Device Channel Count: 6
[2020.06.11-17.55.12:584][171]LogAudioMixer: Display: Channel Order:
[2020.06.11-17.55.12:584][171]LogAudioMixer: Display: 0: FrontLeft
[2020.06.11-17.55.12:584][171]LogAudioMixer: Display: 1: FrontRight
[2020.06.11-17.55.12:584][171]LogAudioMixer: Display: 2: FrontCenter
[2020.06.11-17.55.12:584][171]LogAudioMixer: Display: 3: LowFrequency
[2020.06.11-17.55.12:584][171]LogAudioMixer: Display: 4: BackLeft
[2020.06.11-17.55.12:584][171]LogAudioMixer: Display: 5: BackRight
[2020.06.11-17.55.12:609][171]LogAudioMixer: Display: Using Audio Device Altavoces (Realtek High Definition Audio)
[2020.06.11-17.55.12:657][171]LogInit: FAudioDevice initialized.
[2020.06.11-17.55.12:760][171]LogLoad: Game class is 'GameModeMainMenu_BP_C'
[2020.06.11-17.55.12:785][171]LogWorld: Bringing World /Game/TheoLeyenda/Maps/UEDPIE_0_MainMenu_Map.MainMenu_Map up for play (max tick rate 0) at 2020.06.11-14.55.12
[2020.06.11-17.55.12:830][171]LogWorld: Bringing up level for play took: 0.045291
[2020.06.11-17.55.12:895][171]LogOnline: OSS: Creating online subsystem instance for: :Context_4
[2020.06.11-17.55.13:448][171]LogContentBrowser: Native class hierarchy updated for 'MovieSceneCapture' in 0.0008 seconds. Added 20 classes and 0 folders.
[2020.06.11-17.55.13:473][171]LogGameMode: Display: Match State Changed from EnteringMap to WaitingToStart
[2020.06.11-17.55.13:473][171]LogGameState: Match State Changed from EnteringMap to WaitingToStart
[2020.06.11-17.55.13:473][171]LogGameMode: Display: Match State Changed from WaitingToStart to InProgress
[2020.06.11-17.55.13:779][171]LogGameState: Match State Changed from WaitingToStart to InProgress
[2020.06.11-17.55.13:829][171]PIE: Play in editor start time for /Game/TheoLeyenda/Maps/UEDPIE_0_MainMenu_Map 2.635
[2020.06.11-17.55.16:018][198]LogTemp: Warning: Creditos
[2020.06.11-17.55.16:898][216]LogTemp: Warning: Creditos
[2020.06.11-17.55.19:046][259]LogTemp: Warning: Creditos
[2020.06.11-17.55.19:345][265]LogTemp: Warning: Creditos
[2020.06.11-17.55.21:146][296]LogSlate: Took 0.142322 seconds to synchronously load lazily loaded font '../../../Engine/Content/Slate/Fonts/DroidSansMono.ttf' (77K)
[2020.06.11-17.55.22:770][328]LogTemp: Warning: Creditos
[2020.06.11-17.55.22:996][333]LogTemp: Warning: Creditos
[2020.06.11-17.55.23:247][338]LogTemp: Warning: Creditos
[2020.06.11-17.55.27:009][413]LogTemp: Warning: Creditos
[2020.06.11-17.55.27:460][422]LogTemp: Warning: Creditos
[2020.06.11-17.55.28:112][435]LogTemp: Warning: Creditos
[2020.06.11-17.55.28:313][439]LogTemp: Warning: Creditos
[2020.06.11-17.55.28:564][444]LogTemp: Warning: Creditos
[2020.06.11-17.55.33:495][538]LogAudioMixer: Display: No commands were queued while flushing the source manager.
[2020.06.11-17.55.33:495][538]LogAudioMixer: Display: No commands were queued while flushing the source manager.
[2020.06.11-17.55.33:796][538]LogSlate: Updating window title bar state: overlay mode, drag disabled, window buttons hidden, title bar hidden
[2020.06.11-17.55.33:796][538]LogWorld: BeginTearingDown for /Game/TheoLeyenda/Maps/UEDPIE_0_MainMenu_Map
[2020.06.11-17.55.33:944][538]LogAudioMixer: Display: No commands were queued while flushing the source manager.
[2020.06.11-17.55.34:005][538]LogWorld: UWorld::CleanupWorld for MainMenu_Map, bSessionEnded=true, bCleanupResources=true
[2020.06.11-17.55.34:142][538]LogSlate: InvalidateAllWidgets triggered.  All widgets were invalidated
[2020.06.11-17.55.34:477][538]LogPlayLevel: Display: Shutting down PIE online subsystems
[2020.06.11-17.55.34:668][538]LogSlate: InvalidateAllWidgets triggered.  All widgets were invalidated
[2020.06.11-17.55.35:119][538]LogAudioMixer: Display: No commands were queued while flushing the source manager.
[2020.06.11-17.55.35:401][538]LogSlate: Updating window title bar state: overlay mode, drag disabled, window buttons hidden, title bar hidden
[2020.06.11-17.55.35:877][538]LogUObjectHash: Compacting FUObjectHashTables data took  23.69ms
[2020.06.11-17.55.35:997][539]LogPlayLevel: Display: Destroying online subsystem :Context_4
[2020.06.11-17.57.03:080][275]LogSlate: Took 0.008887 seconds to synchronously load lazily loaded font '../../../Engine/Content/Slate/Fonts/Roboto-Light.ttf' (167K)
[2020.06.11-17.58.23:733][565]LogTemp: Repeating last play command: Selected Viewport
[2020.06.11-17.58.23:770][565]LogPlayLevel: PlayLevel: No blueprints needed recompiling
[2020.06.11-17.58.23:770][565]PIE: New page: PIE session: MainMenu_Map (Jun 11, 2020, 11:58:23 AM)
[2020.06.11-17.58.23:770][565]LogPlayLevel: Creating play world package: /Game/TheoLeyenda/Maps/UEDPIE_0_MainMenu_Map
[2020.06.11-17.58.23:772][565]LogPlayLevel: PIE: StaticDuplicateObject took: (0.001899s)
[2020.06.11-17.58.23:774][565]LogAIModule: Creating AISystem for world MainMenu_Map
[2020.06.11-17.58.23:780][565]LogPlayLevel: PIE: World Init took: (0.007231s)
[2020.06.11-17.58.23:780][565]LogPlayLevel: PIE: Created PIE world by copying editor world from /Game/TheoLeyenda/Maps/MainMenu_Map.MainMenu_Map to /Game/TheoLeyenda/Maps/UEDPIE_0_MainMenu_Map.MainMenu_Map (0.009447s)
[2020.06.11-17.58.23:916][565]LogUObjectHash: Compacting FUObjectHashTables data took   7.71ms
[2020.06.11-17.58.23:938][565]LogAudioMixer: Display: Audio Mixer Platform Settings:
[2020.06.11-17.58.23:938][565]LogAudioMixer: Display: 	Sample Rate:						  48000
[2020.06.11-17.58.23:938][565]LogAudioMixer: Display: 	Callback Buffer Frame Size Requested: 1024
[2020.06.11-17.58.23:938][565]LogAudioMixer: Display: 	Callback Buffer Frame Size To Use:	  1024
[2020.06.11-17.58.23:938][565]LogAudioMixer: Display: 	Number of buffers to queue:			  2
[2020.06.11-17.58.23:938][565]LogAudioMixer: Display: 	Max Channels (voices):				  32
[2020.06.11-17.58.23:938][565]LogAudioMixer: Display: 	Number of Async Source Workers:		  0
[2020.06.11-17.58.23:938][565]LogAudio: Display: AudioDevice MaxSources: 32
[2020.06.11-17.58.23:938][565]LogAudio: Display: Using built-in audio occlusion.
[2020.06.11-17.58.23:938][565]LogAudioMixer: Display: Initializing audio mixer.
[2020.06.11-17.58.23:950][565]LogAudioMixer: Display: Audio Device Output Speaker Info:
[2020.06.11-17.58.23:950][565]LogAudioMixer: Display: Name: Altavoces (Realtek High Definition Audio)
[2020.06.11-17.58.23:950][565]LogAudioMixer: Display: Is Default: Yes
[2020.06.11-17.58.23:950][565]LogAudioMixer: Display: Sample Rate: 48000
[2020.06.11-17.58.23:950][565]LogAudioMixer: Display: Channel Count Used: 6
[2020.06.11-17.58.23:950][565]LogAudioMixer: Display: Device Channel Count: 6
[2020.06.11-17.58.23:950][565]LogAudioMixer: Display: Channel Order:
[2020.06.11-17.58.23:951][565]LogAudioMixer: Display: 0: FrontLeft
[2020.06.11-17.58.23:951][565]LogAudioMixer: Display: 1: FrontRight
[2020.06.11-17.58.23:951][565]LogAudioMixer: Display: 2: FrontCenter
[2020.06.11-17.58.23:951][565]LogAudioMixer: Display: 3: LowFrequency
[2020.06.11-17.58.23:951][565]LogAudioMixer: Display: 4: BackLeft
[2020.06.11-17.58.23:951][565]LogAudioMixer: Display: 5: BackRight
[2020.06.11-17.58.23:975][565]LogAudioMixer: Display: Using Audio Device Altavoces (Realtek High Definition Audio)
[2020.06.11-17.58.23:978][565]LogInit: FAudioDevice initialized.
[2020.06.11-17.58.23:992][565]LogLoad: Game class is 'GameModeMainMenu_BP_C'
[2020.06.11-17.58.23:993][565]LogWorld: Bringing World /Game/TheoLeyenda/Maps/UEDPIE_0_MainMenu_Map.MainMenu_Map up for play (max tick rate 0) at 2020.06.11-14.58.23
[2020.06.11-17.58.23:993][565]LogWorld: Bringing up level for play took: 0.000783
[2020.06.11-17.58.23:994][565]LogOnline: OSS: Creating online subsystem instance for: :Context_5
[2020.06.11-17.58.23:996][565]LogGameMode: Display: Match State Changed from EnteringMap to WaitingToStart
[2020.06.11-17.58.23:996][565]LogGameState: Match State Changed from EnteringMap to WaitingToStart
[2020.06.11-17.58.23:997][565]LogGameMode: Display: Match State Changed from WaitingToStart to InProgress
[2020.06.11-17.58.24:007][565]LogGameState: Match State Changed from WaitingToStart to InProgress
[2020.06.11-17.58.24:007][565]PIE: Play in editor start time for /Game/TheoLeyenda/Maps/UEDPIE_0_MainMenu_Map 0.813
[2020.06.11-17.58.26:895][622]LogTemp: Warning: Creditos
[2020.06.11-17.58.27:979][644]LogTemp: Warning: Creditos
[2020.06.11-17.58.28:181][648]LogTemp: Warning: Creditos
[2020.06.11-17.58.28:382][652]LogTemp: Warning: Creditos
[2020.06.11-17.58.30:179][686]LogAudioMixer: Display: No commands were queued while flushing the source manager.
[2020.06.11-17.58.30:179][686]LogAudioMixer: Display: No commands were queued while flushing the source manager.
[2020.06.11-17.58.30:180][686]LogSlate: Updating window title bar state: overlay mode, drag disabled, window buttons hidden, title bar hidden
[2020.06.11-17.58.30:180][686]LogWorld: BeginTearingDown for /Game/TheoLeyenda/Maps/UEDPIE_0_MainMenu_Map
[2020.06.11-17.58.30:180][686]LogAudioMixer: Display: No commands were queued while flushing the source manager.
[2020.06.11-17.58.30:180][686]LogWorld: UWorld::CleanupWorld for MainMenu_Map, bSessionEnded=true, bCleanupResources=true
[2020.06.11-17.58.30:180][686]LogSlate: InvalidateAllWidgets triggered.  All widgets were invalidated
[2020.06.11-17.58.30:234][686]LogPlayLevel: Display: Shutting down PIE online subsystems
[2020.06.11-17.58.30:241][686]LogSlate: InvalidateAllWidgets triggered.  All widgets were invalidated
[2020.06.11-17.58.30:293][686]LogAudioMixer: Display: No commands were queued while flushing the source manager.
[2020.06.11-17.58.30:298][686]LogSlate: Updating window title bar state: overlay mode, drag disabled, window buttons hidden, title bar hidden
[2020.06.11-17.58.30:305][686]LogUObjectHash: Compacting FUObjectHashTables data took   6.17ms
[2020.06.11-17.58.30:326][687]LogPlayLevel: Display: Destroying online subsystem :Context_5
[2020.06.11-17.58.54:402][774]LogHotReload: New module detected: UE4Editor-DualCombatColor_FPS-0001.dll
[2020.06.11-17.58.58:128][786]LogHotReload: Starting Hot-Reload from IDE
[2020.06.11-17.58.58:221][786]LogUObjectHash: Compacting FUObjectHashTables data took   2.25ms
[2020.06.11-17.58.58:388][786]Error: CDO Constructor (DualCombatColor_FPSGameMode): Failed to find /Game/FirstPersonCPP/Blueprints/FirstPersonCharacter.FirstPersonCharacter_C

[2020.06.11-17.58.58:401][786]LogContentBrowser: Native class hierarchy updated for 'DualCombatColor_FPS' in 0.0008 seconds. Added 9 classes and 2 folders.
[2020.06.11-17.58.58:401][786]Warning: Some classes could not be reloaded:
Error: CDO Constructor (DualCombatColor_FPSGameMode): Failed to find /Game/FirstPersonCPP/Blueprints/FirstPersonCharacter.FirstPersonCharacter_C


[2020.06.11-17.58.58:420][786]Display: HotReload successful (5 functions remapped  0 scriptstructs remapped)
[2020.06.11-17.58.59:384][786]LogUObjectHash: Compacting FUObjectHashTables data took   4.23ms
[2020.06.11-17.58.59:420][786]LogContentBrowser: Native class hierarchy populated in 0.0150 seconds. Added 3026 classes and 722 folders.
[2020.06.11-17.58.59:967][786]Display: HotReload took  1.8s.
[2020.06.11-17.59.00:751][787]LogAudioMixer: Display: Audio Buffer Underrun detected.
[2020.06.11-17.59.42:257][959]LogTemp: Repeating last play command: Selected Viewport
[2020.06.11-17.59.42:298][959]LogPlayLevel: PlayLevel: No blueprints needed recompiling
[2020.06.11-17.59.42:299][959]PIE: New page: PIE session: MainMenu_Map (Jun 11, 2020, 11:59:42 AM)
[2020.06.11-17.59.42:299][959]LogPlayLevel: Creating play world package: /Game/TheoLeyenda/Maps/UEDPIE_0_MainMenu_Map
[2020.06.11-17.59.42:301][959]LogPlayLevel: PIE: StaticDuplicateObject took: (0.001988s)
[2020.06.11-17.59.42:302][959]LogAIModule: Creating AISystem for world MainMenu_Map
[2020.06.11-17.59.42:303][959]LogPlayLevel: PIE: World Init took: (0.001920s)
[2020.06.11-17.59.42:303][959]LogPlayLevel: PIE: Created PIE world by copying editor world from /Game/TheoLeyenda/Maps/MainMenu_Map.MainMenu_Map to /Game/TheoLeyenda/Maps/UEDPIE_0_MainMenu_Map.MainMenu_Map (0.004134s)
[2020.06.11-17.59.42:438][959]LogUObjectHash: Compacting FUObjectHashTables data took   9.21ms
[2020.06.11-17.59.42:439][959]LogAudioMixer: Display: Audio Mixer Platform Settings:
[2020.06.11-17.59.42:440][959]LogAudioMixer: Display: 	Sample Rate:						  48000
[2020.06.11-17.59.42:440][959]LogAudioMixer: Display: 	Callback Buffer Frame Size Requested: 1024
[2020.06.11-17.59.42:440][959]LogAudioMixer: Display: 	Callback Buffer Frame Size To Use:	  1024
[2020.06.11-17.59.42:440][959]LogAudioMixer: Display: 	Number of buffers to queue:			  2
[2020.06.11-17.59.42:440][959]LogAudioMixer: Display: 	Max Channels (voices):				  32
[2020.06.11-17.59.42:440][959]LogAudioMixer: Display: 	Number of Async Source Workers:		  0
[2020.06.11-17.59.42:440][959]LogAudio: Display: AudioDevice MaxSources: 32
[2020.06.11-17.59.42:440][959]LogAudio: Display: Using built-in audio occlusion.
[2020.06.11-17.59.42:440][959]LogAudioMixer: Display: Initializing audio mixer.
[2020.06.11-17.59.42:451][959]LogAudioMixer: Display: Audio Device Output Speaker Info:
[2020.06.11-17.59.42:451][959]LogAudioMixer: Display: Name: Altavoces (Realtek High Definition Audio)
[2020.06.11-17.59.42:451][959]LogAudioMixer: Display: Is Default: Yes
[2020.06.11-17.59.42:451][959]LogAudioMixer: Display: Sample Rate: 48000
[2020.06.11-17.59.42:451][959]LogAudioMixer: Display: Channel Count Used: 6
[2020.06.11-17.59.42:451][959]LogAudioMixer: Display: Device Channel Count: 6
[2020.06.11-17.59.42:451][959]LogAudioMixer: Display: Channel Order:
[2020.06.11-17.59.42:451][959]LogAudioMixer: Display: 0: FrontLeft
[2020.06.11-17.59.42:451][959]LogAudioMixer: Display: 1: FrontRight
[2020.06.11-17.59.42:451][959]LogAudioMixer: Display: 2: FrontCenter
[2020.06.11-17.59.42:451][959]LogAudioMixer: Display: 3: LowFrequency
[2020.06.11-17.59.42:451][959]LogAudioMixer: Display: 4: BackLeft
[2020.06.11-17.59.42:451][959]LogAudioMixer: Display: 5: BackRight
[2020.06.11-17.59.42:475][959]LogAudioMixer: Display: Using Audio Device Altavoces (Realtek High Definition Audio)
[2020.06.11-17.59.42:478][959]LogInit: FAudioDevice initialized.
[2020.06.11-17.59.42:487][959]LogLoad: Game class is 'GameModeMainMenu_BP_C'
[2020.06.11-17.59.42:488][959]LogWorld: Bringing World /Game/TheoLeyenda/Maps/UEDPIE_0_MainMenu_Map.MainMenu_Map up for play (max tick rate 0) at 2020.06.11-14.59.42
[2020.06.11-17.59.42:489][959]LogWorld: Bringing up level for play took: 0.000806
[2020.06.11-17.59.42:489][959]LogOnline: OSS: Creating online subsystem instance for: :Context_6
[2020.06.11-17.59.42:491][959]LogGameMode: Display: Match State Changed from EnteringMap to WaitingToStart
[2020.06.11-17.59.42:491][959]LogGameState: Match State Changed from EnteringMap to WaitingToStart
[2020.06.11-17.59.42:491][959]LogGameMode: Display: Match State Changed from WaitingToStart to InProgress
[2020.06.11-17.59.42:493][959]LogTemp: Warning: ShowMenuElements
[2020.06.11-17.59.42:493][959]LogGameState: Match State Changed from WaitingToStart to InProgress
[2020.06.11-17.59.42:493][959]PIE: Play in editor start time for /Game/TheoLeyenda/Maps/UEDPIE_0_MainMenu_Map -0.701
[2020.06.11-17.59.46:612][ 40]LogTemp: Warning: Creditos
[2020.06.11-17.59.46:612][ 40]LogTemp: Warning: ShowCreditsElements
[2020.06.11-17.59.51:326][134]LogTemp: Warning: Creditos
[2020.06.11-17.59.51:326][134]LogTemp: Warning: ShowCreditsElements
[2020.06.11-18.00.04:929][389]LogSlate: Took 0.046049 seconds to synchronously load lazily loaded font '../../../Engine/Content/Slate/Fonts/Roboto-Italic.ttf' (157K)
[2020.06.11-18.00.08:005][452]LogTemp: Warning: Creditos
[2020.06.11-18.00.08:005][452]LogTemp: Warning: ShowCreditsElements
[2020.06.11-18.01.25:408][921]LogTemp: Warning: Creditos
[2020.06.11-18.01.25:408][921]LogTemp: Warning: ShowCreditsElements
[2020.06.11-18.01.27:686][965]LogAudioMixer: Display: No commands were queued while flushing the source manager.
[2020.06.11-18.01.27:686][965]LogAudioMixer: Display: No commands were queued while flushing the source manager.
[2020.06.11-18.01.27:687][965]LogSlate: Updating window title bar state: overlay mode, drag disabled, window buttons hidden, title bar hidden
[2020.06.11-18.01.27:687][965]LogWorld: BeginTearingDown for /Game/TheoLeyenda/Maps/UEDPIE_0_MainMenu_Map
[2020.06.11-18.01.27:687][965]LogAudioMixer: Display: No commands were queued while flushing the source manager.
[2020.06.11-18.01.27:687][965]LogWorld: UWorld::CleanupWorld for MainMenu_Map, bSessionEnded=true, bCleanupResources=true
[2020.06.11-18.01.27:687][965]LogSlate: InvalidateAllWidgets triggered.  All widgets were invalidated
[2020.06.11-18.01.27:740][965]LogPlayLevel: Display: Shutting down PIE online subsystems
[2020.06.11-18.01.27:748][965]LogSlate: InvalidateAllWidgets triggered.  All widgets were invalidated
[2020.06.11-18.01.27:808][965]LogAudioMixer: Display: No commands were queued while flushing the source manager.
[2020.06.11-18.01.27:823][965]LogSlate: Updating window title bar state: overlay mode, drag disabled, window buttons hidden, title bar hidden
[2020.06.11-18.01.27:832][965]LogUObjectHash: Compacting FUObjectHashTables data took   8.25ms
[2020.06.11-18.01.27:868][966]LogPlayLevel: Display: Destroying online subsystem :Context_6
[2020.06.11-18.14.39:225][ 29]BlueprintLog: New page: Compile MainMenuWidget_BP
[2020.06.11-18.14.39:295][ 29]LogUObjectHash: Compacting FUObjectHashTables data took   7.27ms
[2020.06.11-18.14.48:128][351]LogHotReload: New module detected: UE4Editor-DualCombatColor_FPS-0002.dll
[2020.06.11-18.14.51:601][475]LogHotReload: Starting Hot-Reload from IDE
[2020.06.11-18.14.51:727][475]LogUObjectHash: Compacting FUObjectHashTables data took   9.35ms
[2020.06.11-18.14.52:025][475]LogClass: Could not find existing class MainMenuWidget in package /Script/DualCombatColor_FPS for HotReload, assuming new class
[2020.06.11-18.14.52:025][475]LogClass: Function ExitGame is new.
[2020.06.11-18.14.52:025][475]LogClass: Function OnClickedButtonCredits is new.
[2020.06.11-18.14.52:025][475]LogClass: Function OnClickedButtonPlay is new.
[2020.06.11-18.14.52:025][475]LogClass: Function OnClikedButtonExit is new.
[2020.06.11-18.14.52:025][475]LogClass: Function ShowCreditsElements is new.
[2020.06.11-18.14.52:025][475]LogClass: Function ShowMenuElements is new.
[2020.06.11-18.14.52:078][475]Error: CDO Constructor (DualCombatColor_FPSGameMode): Failed to find /Game/FirstPersonCPP/Blueprints/FirstPersonCharacter.FirstPersonCharacter_C

[2020.06.11-18.14.52:101][475]LogHotReload: Re-instancing MainMenuWidget after hot-reload.
[2020.06.11-18.14.52:109][475]LogBlueprint: Error: [Compiler MainMenuWidget_BP] A required widget binding "ButtonExit" of type  Button  was not found.
[2020.06.11-18.14.52:114][475]LogBlueprint: Error: [Compiler MainMenuWidget_BP] A required widget binding "ButtonExit" of type  Button  was not found.
[2020.06.11-18.14.53:174][475]LogContentBrowser: Native class hierarchy updated for 'DualCombatColor_FPS' in 0.0008 seconds. Added 9 classes and 2 folders.
[2020.06.11-18.14.53:174][475]Warning: Some classes could not be reloaded:
Error: CDO Constructor (DualCombatColor_FPSGameMode): Failed to find /Game/FirstPersonCPP/Blueprints/FirstPersonCharacter.FirstPersonCharacter_C


[2020.06.11-18.14.53:183][475]Display: HotReload successful (1 functions remapped  0 scriptstructs remapped)
[2020.06.11-18.14.53:481][475]LogUObjectHash: Compacting FUObjectHashTables data took   8.73ms
[2020.06.11-18.14.53:508][475]LogContentBrowser: Native class hierarchy populated in 0.0148 seconds. Added 3026 classes and 722 folders.
[2020.06.11-18.14.53:511][475]Display: HotReload took  1.9s.
[2020.06.11-18.15.28:829][449]LogBlueprint: Error: [Compiler MainMenuWidget_BP] A required widget binding "ButtonExit" of type  Button  was not found.
[2020.06.11-18.15.39:867][847]LogEditorTransaction: Undo Move Widget
[2020.06.11-18.15.44:553][  3]LogEditorTransaction: Undo Move Widget
[2020.06.11-18.15.48:243][119]LogEditorTransaction: Undo Move Widget
[2020.06.11-18.16.00:654][522]LogEditorTransaction: Undo Edit Top
[2020.06.11-18.16.31:413][689]BlueprintLog: New page: Compile MainMenuWidget_BP
[2020.06.11-18.16.31:575][689]LogUObjectHash: Compacting FUObjectHashTables data took  12.12ms
[2020.06.11-18.16.32:471][706]LogSavePackage: Moving '../../../../../../Users/Theo/Desktop/TSDVJ-UnrealGame/DualCombatColor_FPS/Saved/MainMenuWidget_BPFAA331904A81302D05F3CCA7A4317AC2.tmp' to '../../../../../../Users/Theo/Desktop/TSDVJ-UnrealGame/DualCombatColor_FPS/Content/TheoLeyenda/Bluprints/MainMenuWidget_BP.uasset'
[2020.06.11-18.16.32:520][706]AssetCheck: New page: Asset Save: MainMenuWidget_BP
[2020.06.11-18.16.32:520][706]LogContentValidation: Display: Validating WidgetBlueprint /Game/TheoLeyenda/Bluprints/MainMenuWidget_BP.MainMenuWidget_BP
[2020.06.11-18.16.36:261][822]LogTemp: Repeating last play command: Selected Viewport
[2020.06.11-18.16.36:302][822]LogPlayLevel: PlayLevel: No blueprints needed recompiling
[2020.06.11-18.16.36:302][822]PIE: New page: PIE session: MainMenu_Map (Jun 11, 2020, 12:16:36 PM)
[2020.06.11-18.16.36:303][822]LogPlayLevel: Creating play world package: /Game/TheoLeyenda/Maps/UEDPIE_0_MainMenu_Map
[2020.06.11-18.16.36:308][822]LogPlayLevel: PIE: StaticDuplicateObject took: (0.005323s)
[2020.06.11-18.16.36:312][822]LogAIModule: Creating AISystem for world MainMenu_Map
[2020.06.11-18.16.36:312][822]LogPlayLevel: PIE: World Init took: (0.003982s)
[2020.06.11-18.16.36:313][822]LogPlayLevel: PIE: Created PIE world by copying editor world from /Game/TheoLeyenda/Maps/MainMenu_Map.MainMenu_Map to /Game/TheoLeyenda/Maps/UEDPIE_0_MainMenu_Map.MainMenu_Map (0.009781s)
[2020.06.11-18.16.36:446][822]LogUObjectHash: Compacting FUObjectHashTables data took   9.27ms
[2020.06.11-18.16.36:447][822]LogAudioMixer: Display: Audio Mixer Platform Settings:
[2020.06.11-18.16.36:447][822]LogAudioMixer: Display: 	Sample Rate:						  48000
[2020.06.11-18.16.36:447][822]LogAudioMixer: Display: 	Callback Buffer Frame Size Requested: 1024
[2020.06.11-18.16.36:447][822]LogAudioMixer: Display: 	Callback Buffer Frame Size To Use:	  1024
[2020.06.11-18.16.36:447][822]LogAudioMixer: Display: 	Number of buffers to queue:			  2
[2020.06.11-18.16.36:447][822]LogAudioMixer: Display: 	Max Channels (voices):				  32
[2020.06.11-18.16.36:447][822]LogAudioMixer: Display: 	Number of Async Source Workers:		  0
[2020.06.11-18.16.36:447][822]LogAudio: Display: AudioDevice MaxSources: 32
[2020.06.11-18.16.36:448][822]LogAudio: Display: Using built-in audio occlusion.
[2020.06.11-18.16.36:448][822]LogAudioMixer: Display: Initializing audio mixer.
[2020.06.11-18.16.36:473][822]LogAudioMixer: Display: Audio Device Output Speaker Info:
[2020.06.11-18.16.36:473][822]LogAudioMixer: Display: Name: Altavoces (Realtek High Definition Audio)
[2020.06.11-18.16.36:473][822]LogAudioMixer: Display: Is Default: Yes
[2020.06.11-18.16.36:473][822]LogAudioMixer: Display: Sample Rate: 48000
[2020.06.11-18.16.36:473][822]LogAudioMixer: Display: Channel Count Used: 6
[2020.06.11-18.16.36:473][822]LogAudioMixer: Display: Device Channel Count: 6
[2020.06.11-18.16.36:473][822]LogAudioMixer: Display: Channel Order:
[2020.06.11-18.16.36:473][822]LogAudioMixer: Display: 0: FrontLeft
[2020.06.11-18.16.36:474][822]LogAudioMixer: Display: 1: FrontRight
[2020.06.11-18.16.36:474][822]LogAudioMixer: Display: 2: FrontCenter
[2020.06.11-18.16.36:474][822]LogAudioMixer: Display: 3: LowFrequency
[2020.06.11-18.16.36:474][822]LogAudioMixer: Display: 4: BackLeft
[2020.06.11-18.16.36:474][822]LogAudioMixer: Display: 5: BackRight
[2020.06.11-18.16.36:515][822]LogAudioMixer: Display: Using Audio Device Altavoces (Realtek High Definition Audio)
[2020.06.11-18.16.36:518][822]LogInit: FAudioDevice initialized.
[2020.06.11-18.16.36:529][822]LogLoad: Game class is 'GameModeMainMenu_BP_C'
[2020.06.11-18.16.36:530][822]LogWorld: Bringing World /Game/TheoLeyenda/Maps/UEDPIE_0_MainMenu_Map.MainMenu_Map up for play (max tick rate 0) at 2020.06.11-15.16.36
[2020.06.11-18.16.36:530][822]LogWorld: Bringing up level for play took: 0.000732
[2020.06.11-18.16.36:531][822]LogOnline: OSS: Creating online subsystem instance for: :Context_8
[2020.06.11-18.16.36:535][822]LogGameMode: Display: Match State Changed from EnteringMap to WaitingToStart
[2020.06.11-18.16.36:535][822]LogGameState: Match State Changed from EnteringMap to WaitingToStart
[2020.06.11-18.16.36:535][822]LogGameMode: Display: Match State Changed from WaitingToStart to InProgress
[2020.06.11-18.16.36:541][822]LogTemp: Warning: ShowMenuElements
[2020.06.11-18.16.36:542][822]LogGameState: Match State Changed from WaitingToStart to InProgress
[2020.06.11-18.16.36:542][822]PIE: Play in editor start time for /Game/TheoLeyenda/Maps/UEDPIE_0_MainMenu_Map -0.652
[2020.06.11-18.16.37:840][848]Cmd: QUIT_EDITOR
[2020.06.11-18.16.37:840][848]LogSlate: Updating window title bar state: overlay mode, drag disabled, window buttons hidden, title bar hidden
[2020.06.11-18.16.37:840][848]LogWorld: BeginTearingDown for /Game/TheoLeyenda/Maps/UEDPIE_0_MainMenu_Map
[2020.06.11-18.16.37:840][848]LogAudioMixer: Display: No commands were queued while flushing the source manager.
[2020.06.11-18.16.37:840][848]LogWorld: UWorld::CleanupWorld for MainMenu_Map, bSessionEnded=true, bCleanupResources=true
[2020.06.11-18.16.37:840][848]LogSlate: InvalidateAllWidgets triggered.  All widgets were invalidated
[2020.06.11-18.16.37:925][848]LogPlayLevel: Display: Shutting down PIE online subsystems
[2020.06.11-18.16.37:933][848]LogSlate: InvalidateAllWidgets triggered.  All widgets were invalidated
[2020.06.11-18.16.38:011][848]LogAudioMixer: Display: No commands were queued while flushing the source manager.
[2020.06.11-18.16.38:016][848]LogSlate: Updating window title bar state: overlay mode, drag disabled, window buttons hidden, title bar hidden
[2020.06.11-18.16.38:025][848]LogUObjectHash: Compacting FUObjectHashTables data took   7.01ms
[2020.06.11-18.16.38:035][848]LogCore: Engine exit requested (reason: UUnrealEdEngine::CloseEditor())
[2020.06.11-18.16.38:234][849]LogCore: Engine exit requested (reason: EngineExit() was called; note: exit was already requested)
[2020.06.11-18.16.38:259][849]LogAudioMixer: Display: No commands were queued while flushing the source manager.
